***************************************
GEOMETRY
***************************************
---------------------------------------
Nodal Coordinates: 
(Node No. - X - Y - Z)
---------------------------------------

NODES =

    1.00000    0.00000    0.00000
    2.00000    0.00000   12.00000
    3.00000    0.00000   27.00000
    4.00000    0.00000   42.00000
    5.00000    0.00000   54.00000
    6.00000   37.25000   27.00000
    7.00000   74.50000   12.00000
    8.00000   74.50000   42.00000

---------------------------------------

---------------------------------------
Boundary Conditions: 1 = Restrained, 0 = Free
(Node No. - Tx - Ty - Rz)
---------------------------------------

BOUNDS =

   1   1   1   0
   7   1   1   1
   8   1   1   1

---------------------------------------

---------------------------------------
Element Information:
(Ele No. - iNode - jNode - Member Type - E - A - I)
---------------------------------------

ELES =

        1        1        2        0    29000     9999   999999
        2        2        3        0    29000     9999   999999
        3        3        4        0    29000     9999   999999
        4        4        5        0    29000     9999   999999
        5        4        8        0    29000        5       50
        6        4        6        0    29000        5       50
        7        6        7        0    29000        5       50
        8        2        6        0    29000        5       50
        9        6        8        0    29000        5       50

---------------------------------------

---------------------------------------
Load Information:
(Node No. - Fx - Fy - Mz)
---------------------------------------

LOADS =

     5     0     0   840

---------------------------------------

plotFile = ../../1. OUTPUT/Analysis3.png
ans =

   -7.4500   81.9500  -17.7000   71.7000

***************************************
ANALYSIS
***************************************

kff =

 Columns 1 through 5:

    9666657000.00000    1208332125.00000             0.00000    4833328500.00000             0.00000
    1208332125.00000     304502840.02412          1158.04830     434997549.71869    -103111008.00000
             0.00000          1158.04830      43496385.03235          5004.61526             0.00000
    4833328500.00000     434997549.71869          5004.61526   17400127034.09200     773332560.00000
             0.00000    -103111008.00000             0.00000     773332560.00000     206222016.00000
             0.00000             0.00000     -19331400.00000             0.00000             0.00000
             0.00000    -773332560.00000             0.00000    3866662800.00000             0.00000
             0.00000             0.00000             0.00000             0.00000    -103111008.00000
             0.00000             0.00000             0.00000             0.00000             0.00000
             0.00000             0.00000             0.00000             0.00000    -773332560.00000
             0.00000             0.00000             0.00000             0.00000             0.00000
             0.00000             0.00000             0.00000             0.00000             0.00000
             0.00000             0.00000             0.00000             0.00000             0.00000
             0.00000         -3144.52412         -1158.04830          2015.28131             0.00000
             0.00000         -1158.04830          -735.03235         -5004.61526             0.00000
             0.00000         -2015.28131          5004.61526         72217.04600             0.00000

 Columns 6 through 10:

             0.00000             0.00000             0.00000             0.00000             0.00000
             0.00000    -773332560.00000             0.00000             0.00000             0.00000
     -19331400.00000             0.00000             0.00000             0.00000             0.00000
             0.00000    3866662800.00000             0.00000             0.00000             0.00000
             0.00000             0.00000    -103111008.00000             0.00000    -773332560.00000
      38662800.00000             0.00000             0.00000     -19331400.00000             0.00000
             0.00000   15466651200.00000     773332560.00000             0.00000    3866662800.00000
             0.00000     773332560.00000     304504786.33285         -1158.04830    -434997549.71869
     -19331400.00000             0.00000         -1158.04830      43496427.11281          6572.11222
             0.00000    3866662800.00000    -434997549.71869          6572.11222   17400204886.44099
             0.00000             0.00000    -201388687.50000             0.00000    1208332125.00000
             0.00000             0.00000             0.00000     -24164250.00000             0.00000
             0.00000             0.00000   -1208332125.00000             0.00000    4833328500.00000
             0.00000             0.00000         -3144.52412          1158.04830         -2015.28131
             0.00000             0.00000          1158.04830          -735.03235         -5004.61526
             0.00000             0.00000          2015.28131          5004.61526         72217.04600

 Columns 11 through 15:

             0.00000             0.00000             0.00000             0.00000             0.00000
             0.00000             0.00000             0.00000         -3144.52412         -1158.04830
             0.00000             0.00000             0.00000         -1158.04830          -735.03235
             0.00000             0.00000             0.00000          2015.28131         -5004.61526
             0.00000             0.00000             0.00000             0.00000             0.00000
             0.00000             0.00000             0.00000             0.00000             0.00000
             0.00000             0.00000             0.00000             0.00000             0.00000
    -201388687.50000             0.00000   -1208332125.00000         -3144.52412          1158.04830
             0.00000     -24164250.00000             0.00000          1158.04830          -735.03235
    1208332125.00000             0.00000    4833328500.00000         -2015.28131         -5004.61526
     201388687.50000             0.00000    1208332125.00000             0.00000             0.00000
             0.00000      24164250.00000             0.00000             0.00000             0.00000
    1208332125.00000             0.00000    9666657000.00000             0.00000             0.00000
             0.00000             0.00000             0.00000         12578.09650             0.00000
             0.00000             0.00000             0.00000             0.00000          2940.12940
             0.00000             0.00000             0.00000             0.00000             0.00000

 Column 16:

             0.00000
         -2015.28131
          5004.61526
         72217.04600
             0.00000
             0.00000
             0.00000
          2015.28131
          5004.61526
         72217.04600
             0.00000
             0.00000
             0.00000
             0.00000
             0.00000
        577736.36797

P =

     0
     0
     0
     0
     0
     0
     0
     0
     0
     0
     0
     0
   840
     0
     0
     0

uf =

   0.00012529718
  -0.00150377378
  -0.00000011689
   0.00012534909
  -0.00338538016
  -0.00000029659
   0.00012555643
  -0.00527120675
  -0.00000047628
   0.00012591179
  -0.00678423371
  -0.00000047628
   0.00012625937
  -0.00169362189
   0.00191144559
  -0.00001826077

***************************************
Post Process
***************************************

---------------------------------------
Nodal Displacements: 
(Node No. - Tx - Ty - Rz)
---------------------------------------

NodalDisp =

   1.00000   0.00000   0.00000   0.00013
   2.00000  -0.00150  -0.00000   0.00013
   3.00000  -0.00339  -0.00000   0.00013
   4.00000  -0.00527  -0.00000   0.00013
   5.00000  -0.00678  -0.00000   0.00013
   6.00000  -0.00169   0.00191  -0.00002
   7.00000   0.00000   0.00000   0.00000
   8.00000   0.00000   0.00000   0.00000

---------------------------------------
---------------------------------------
Global Member Forces: 
(Element No. - iFx - iFy - iMz - jFx - jFy - jMz)
---------------------------------------

GlobalForces =

     1.00000   -20.91067     2.82452     0.00000    20.91067    -2.82452   250.92799
     2.00000   -19.07815     3.47379  -257.76470    19.07815    -3.47379   543.93699
     3.00000   -19.07815     3.47379  -543.93699    19.07815    -3.47379   830.10928
     4.00000     0.00000     0.00000  -840.00000    -0.00000     0.00000   840.00000
     5.00000   -10.25940     0.19735     9.80178    10.25940    -0.19735     4.90052
     6.00000    -8.81876     3.27644     0.08894     8.81876    -3.27644   -10.32277
     7.00000    -7.57598     3.27488     3.51545     7.57598    -3.27488     4.83419
     8.00000    -1.83251    -0.64927     6.83671     1.83251     0.64927    -3.53437
     9.00000    -3.07529    -0.64771    10.34170     3.07529     0.64771    11.66044

---------------------------------------
---------------------------------------
Local Member Forces: 
(Element No. - iFx - iFy - iMz - jFx - jFy - jMz)
---------------------------------------

LocalForces =

     1.00000     2.82452    20.91067     0.00000    -2.82452   -20.91067   250.92799
     2.00000     3.47379    19.07815  -257.76470    -3.47379   -19.07815   543.93699
     3.00000     3.47379    19.07815  -543.93699    -3.47379   -19.07815   830.10928
     4.00000     0.00000    -0.00000  -840.00000     0.00000     0.00000   840.00000
     5.00000   -10.25940     0.19735     9.80178    10.25940    -0.19735     4.90052
     6.00000    -9.40429    -0.25485     0.08894     9.40429     0.25485   -10.32277
     7.00000    -8.25089     0.20793     3.51545     8.25089    -0.20793     4.83419
     8.00000    -1.94239     0.08224     6.83671     1.94239    -0.08224    -3.53437
     9.00000    -3.09463     0.54791    10.34170     3.09463    -0.54791    11.66044

---------------------------------------
---------------------------------------
Nodal Support Reactions: 
(Node No. - Fx - Fy - Mz)
---------------------------------------
Support =

    1.00000  -20.91067    2.82452    0.00000
    2.00000    0.00000    0.00000    0.00000
    3.00000    0.00000    0.00000    0.00000
    4.00000    0.00000    0.00000    0.00000
    5.00000    0.00000    0.00000    0.00000
    6.00000    0.00000    0.00000    0.00000
    7.00000    7.57598   -3.27488    4.83419
    8.00000   13.33468    0.45036   16.56095

sumFx =  0.00000000024018
sumFy =    2.4425e-15
sumMz =  21.395
---------------------------------------
