***************************************
GEOMETRY
***************************************
---------------------------------------
Nodal Coordinates: 
(Node No. - X - Y - Z)
---------------------------------------

NODES =

    1.00000    0.00000    0.00000
    2.00000    0.00000   12.00000
    3.00000    0.00000   27.00000
    4.00000    0.00000   42.00000
    5.00000    0.00000   54.00000
    6.00000   84.46000   19.68920
    7.00000   84.46000   43.68920

---------------------------------------

---------------------------------------
Boundary Conditions: 1 = Restrained, 0 = Free
(Node No. - Tx - Ty - Rz)
---------------------------------------

BOUNDS =

   1   1   1   0
   6   1   1   1
   7   1   1   1

---------------------------------------

---------------------------------------
Element Information:
(Ele No. - iNode - jNode - Member Type - E - A - I)
---------------------------------------

ELES =

        1        1        2        0    29000     9999   999999
        2        2        3        0    29000     9999   999999
        3        3        4        0    29000     9999   999999
        4        4        5        0    29000     9999   999999
        5        4        7        1    29000        5       50
        6        4        6        1    29000        5       50
        7        2        7        1    29000        5       50

---------------------------------------

---------------------------------------
Load Information:
(Node No. - Fx - Fy - Mz)
---------------------------------------

LOADS =

      1      0      0   1000

---------------------------------------

plotFile = ../../1. OUTPUT/Analysis2Stiffness.png
ans =

   -8.4460   92.9060  -23.6760   77.6760

***************************************
ANALYSIS
***************************************

kff =

 Columns 1 through 5:

    9666657000.00000    1208332125.00000             0.00000    4833328500.00000             0.00000
    1208332125.00000     304501105.25359           526.71305     434999565.00000    -103111008.00000
             0.00000           526.71305      43495853.54720             0.00000             0.00000
    4833328500.00000     434999565.00000             0.00000   17399982600.00000     773332560.00000
             0.00000    -103111008.00000             0.00000     773332560.00000     206222016.00000
             0.00000             0.00000     -19331400.00000             0.00000             0.00000
             0.00000    -773332560.00000             0.00000    3866662800.00000             0.00000
             0.00000             0.00000             0.00000             0.00000    -103111008.00000
             0.00000             0.00000             0.00000             0.00000             0.00000
             0.00000             0.00000             0.00000             0.00000    -773332560.00000
             0.00000             0.00000             0.00000             0.00000             0.00000
             0.00000             0.00000             0.00000             0.00000             0.00000
             0.00000             0.00000             0.00000             0.00000             0.00000

 Columns 6 through 10:

             0.00000             0.00000             0.00000             0.00000             0.00000
             0.00000    -773332560.00000             0.00000             0.00000             0.00000
     -19331400.00000             0.00000             0.00000             0.00000             0.00000
             0.00000    3866662800.00000             0.00000             0.00000             0.00000
             0.00000             0.00000    -103111008.00000             0.00000    -773332560.00000
      38662800.00000             0.00000             0.00000     -19331400.00000             0.00000
             0.00000   15466651200.00000     773332560.00000             0.00000    3866662800.00000
             0.00000     773332560.00000     304502963.27267          -374.08161    -434999565.00000
     -19331400.00000             0.00000          -374.08161      43495772.26753             0.00000
             0.00000    3866662800.00000    -434999565.00000             0.00000   17399982600.00000
             0.00000             0.00000    -201388687.50000             0.00000    1208332125.00000
             0.00000             0.00000             0.00000     -24164250.00000             0.00000
             0.00000             0.00000   -1208332125.00000             0.00000    4833328500.00000

 Columns 11 through 13:

             0.00000             0.00000             0.00000
             0.00000             0.00000             0.00000
             0.00000             0.00000             0.00000
             0.00000             0.00000             0.00000
             0.00000             0.00000             0.00000
             0.00000             0.00000             0.00000
             0.00000             0.00000             0.00000
    -201388687.50000             0.00000   -1208332125.00000
             0.00000     -24164250.00000             0.00000
    1208332125.00000             0.00000    4833328500.00000
     201388687.50000             0.00000    1208332125.00000
             0.00000      24164250.00000             0.00000
    1208332125.00000             0.00000    9666657000.00000

Number of dof: 13 
Number of loads: 1 
LOADS =

      1      0      0   1000

deg =  1
P =

   1000
      0
      0
      0
      0
      0
      0
      0
      0
      0
      0
      0
      0

uf =

   0.000168042156
  -0.002014279708
  -0.000000065045
   0.000167692512
  -0.004527436953
  -0.000000201233
   0.000167424860
  -0.007037917683
  -0.000000337422
   0.000167335643
  -0.009045945397
  -0.000000337422
   0.000167335643

***************************************
Post Process
***************************************

---------------------------------------
Nodal Displacements: 
(Node No. - Tx - Ty - Rz)
---------------------------------------

NodalDisp =

   1.00000   0.00000   0.00000   0.00017
   2.00000  -0.00201  -0.00000   0.00017
   3.00000  -0.00453  -0.00000   0.00017
   4.00000  -0.00704  -0.00000   0.00017
   5.00000  -0.00905  -0.00000   0.00017
   6.00000   0.00000   0.00000   0.00000
   7.00000   0.00000   0.00000   0.00000

---------------------------------------
---------------------------------------
Global Member Forces: 
(Element No. - iFx - iFy - iMz - jFx - jFy - jMz)
---------------------------------------

GlobalForces =

      1.00000    -25.83786      1.57175   1000.00000     25.83786     -1.57175   -689.94567
      2.00000    -22.99819      2.63271    689.94567     22.99819     -2.63271   -344.97283
      3.00000    -22.99819      2.63271    344.97283     22.99819     -2.63271      0.00000
      4.00000     -0.00000      0.00000      0.00000      0.00000      0.00000      0.00000
      5.00000    -12.07541     -0.24049      0.00000     12.07541      0.24049      0.08558
      6.00000    -10.92278      2.87321      0.00000     10.92278     -2.87321     -1.02478
      7.00000     -2.83967     -1.06096      0.00000      2.83967      1.06096      0.37821

---------------------------------------
---------------------------------------
Local Member Forces: 
(Element No. - iFx - iFy - iMz - jFx - jFy - jMz)
---------------------------------------

LocalForces =

      1.00000      1.57175     25.83786   1000.00000     -1.57175    -25.83786   -689.94567
      2.00000      2.63271     22.99819    689.94567     -2.63271    -22.99819   -344.97283
      3.00000      2.63271     22.99819    344.97283     -2.63271    -22.99819      0.00000
      4.00000      0.00000      0.00000      0.00000      0.00000     -0.00000      0.00000
      5.00000    -12.07780      0.00101      0.00000     12.07780     -0.00101      0.08558
      6.00000    -11.29435     -0.01173      0.00000     11.29435      0.01173     -1.02478
      7.00000     -3.03140      0.00419      0.00000      3.03140     -0.00419      0.37821

---------------------------------------
---------------------------------------
Nodal Support Reactions: 
(Node No. - Fx - Fy - Mz)
---------------------------------------
Support =

    1.00000  -25.83786    1.57175    0.00000
    2.00000    0.00000    0.00000    0.00000
    3.00000    0.00000    0.00000    0.00000
    4.00000    0.00000    0.00000    0.00000
    5.00000    0.00000    0.00000    0.00000
    6.00000   10.92278   -2.87321   -1.02478
    7.00000   14.91508    1.30146    0.46379

sumFx = -0.00000000027331
sumFy =    4.4409e-16
sumMz = -0.56100
---------------------------------------
