***************************************
GEOMETRY
***************************************
---------------------------------------
Nodal Coordinates: 
(Node No. - X - Y - Z)
---------------------------------------

NODES =

    1.00000    0.00000    0.00000
    2.00000    0.00000   12.00000
    3.00000    0.00000   27.00000
    4.00000    0.00000   42.00000
    5.00000    0.00000   54.00000
    6.00000   74.50000   19.49000
    7.00000   74.50000   43.49000

---------------------------------------

---------------------------------------
Boundary Conditions: 1 = Restrained, 0 = Free
(Node No. - Tx - Ty - Rz)
---------------------------------------

BOUNDS =

   1   1   1   0
   6   1   1   1
   7   1   1   1

---------------------------------------

---------------------------------------
Element Information:
(Ele No. - iNode - jNode - Member Type - E - A - I)
---------------------------------------

ELES =

        1        1        2        0    29000     9999   999999
        2        2        3        0    29000     9999   999999
        3        3        4        0    29000     9999   999999
        4        4        5        0    29000     9999   999999
        5        4        7        1    29000        5       50
        6        4        6        1    29000        5       50
        7        2        7        1    29000        5       50

---------------------------------------

---------------------------------------
Load Information:
(Node No. - Fx - Fy - Mz)
---------------------------------------

LOADS =

      1      0      0   1000

---------------------------------------

plotFile = ../../1. OUTPUT/Analysis3Stiffness.png
ans =

   -7.4500   81.9500  -17.7000   71.7000

***************************************
ANALYSIS
***************************************

kff =

 Columns 1 through 5:

    9666657000.00000    1208332125.00000             0.00000    4833328500.00000             0.00000
    1208332125.00000     304501217.74078           639.95270     434999565.00000    -103111008.00000
             0.00000           639.95270      43495928.71935             0.00000             0.00000
    4833328500.00000     434999565.00000             0.00000   17399982600.00000     773332560.00000
             0.00000    -103111008.00000             0.00000     773332560.00000     206222016.00000
             0.00000             0.00000     -19331400.00000             0.00000             0.00000
             0.00000    -773332560.00000             0.00000    3866662800.00000             0.00000
             0.00000             0.00000             0.00000             0.00000    -103111008.00000
             0.00000             0.00000             0.00000             0.00000             0.00000
             0.00000             0.00000             0.00000             0.00000    -773332560.00000
             0.00000             0.00000             0.00000             0.00000             0.00000
             0.00000             0.00000             0.00000             0.00000             0.00000
             0.00000             0.00000             0.00000             0.00000             0.00000

 Columns 6 through 10:

             0.00000             0.00000             0.00000             0.00000             0.00000
             0.00000    -773332560.00000             0.00000             0.00000             0.00000
     -19331400.00000             0.00000             0.00000             0.00000             0.00000
             0.00000    3866662800.00000             0.00000             0.00000             0.00000
             0.00000             0.00000    -103111008.00000             0.00000    -773332560.00000
      38662800.00000             0.00000             0.00000     -19331400.00000             0.00000
             0.00000   15466651200.00000     773332560.00000             0.00000    3866662800.00000
             0.00000     773332560.00000     304503348.67727          -474.59686    -434999565.00000
     -19331400.00000             0.00000          -474.59686      43495825.60489             0.00000
             0.00000    3866662800.00000    -434999565.00000             0.00000   17399982600.00000
             0.00000             0.00000    -201388687.50000             0.00000    1208332125.00000
             0.00000             0.00000             0.00000     -24164250.00000             0.00000
             0.00000             0.00000   -1208332125.00000             0.00000    4833328500.00000

 Columns 11 through 13:

             0.00000             0.00000             0.00000
             0.00000             0.00000             0.00000
             0.00000             0.00000             0.00000
             0.00000             0.00000             0.00000
             0.00000             0.00000             0.00000
             0.00000             0.00000             0.00000
             0.00000             0.00000             0.00000
    -201388687.50000             0.00000   -1208332125.00000
             0.00000     -24164250.00000             0.00000
    1208332125.00000             0.00000    4833328500.00000
     201388687.50000             0.00000    1208332125.00000
             0.00000      24164250.00000             0.00000
    1208332125.00000             0.00000    9666657000.00000

Number of dof: 13 
Number of loads: 1 
LOADS =

      1      0      0   1000

deg =  1
P =

   1000
      0
      0
      0
      0
      0
      0
      0
      0
      0
      0
      0
      0

uf =

   0.000150537997
  -0.001804229141
  -0.000000076003
   0.000150188188
  -0.004054818944
  -0.000000230735
   0.000149920226
  -0.006302729134
  -0.000000385467
   0.000149830906
  -0.008100700004
  -0.000000385467
   0.000149830906

***************************************
Post Process
***************************************

---------------------------------------
Nodal Displacements: 
(Node No. - Tx - Ty - Rz)
---------------------------------------

NodalDisp =

   1.00000   0.00000   0.00000   0.00015
   2.00000  -0.00180  -0.00000   0.00015
   3.00000  -0.00405  -0.00000   0.00015
   4.00000  -0.00630  -0.00000   0.00015
   5.00000  -0.00810  -0.00000   0.00015
   6.00000   0.00000   0.00000   0.00000
   7.00000   0.00000   0.00000   0.00000

---------------------------------------
---------------------------------------
Global Member Forces: 
(Element No. - iFx - iFy - iMz - jFx - jFy - jMz)
---------------------------------------

GlobalForces =

      1.00000    -25.77132      1.83655   1000.00000     25.77132     -1.83655   -690.74412
      2.00000    -23.02480      2.99119    690.74412     23.02480     -2.99119   -345.37206
      3.00000    -23.02480      2.99119    345.37206     23.02480     -2.99119      0.00000
      4.00000      0.00000      0.00000     -0.00000     -0.00000      0.00000     -0.00000
      5.00000    -12.25974     -0.24387      0.00000     12.25974      0.24387      0.09843
      6.00000    -10.76506      3.23506      0.00000     10.76506     -3.23506     -1.30948
      7.00000     -2.74652     -1.15464      0.00000      2.74652      1.15464      0.46704

---------------------------------------
---------------------------------------
Local Member Forces: 
(Element No. - iFx - iFy - iMz - jFx - jFy - jMz)
---------------------------------------

LocalForces =

      1.00000      1.83655     25.77132   1000.00000     -1.83655    -25.77132   -690.74412
      2.00000      2.99119     23.02480    690.74412     -2.99119    -23.02480   -345.37206
      3.00000      2.99119     23.02480    345.37206     -2.99119    -23.02480      0.00000
      4.00000      0.00000     -0.00000     -0.00000      0.00000      0.00000     -0.00000
      5.00000    -12.26217      0.00132      0.00000     12.26217     -0.00132      0.09843
      6.00000    -11.24064     -0.01683      0.00000     11.24064      0.01683     -1.30948
      7.00000     -2.97935      0.00577      0.00000      2.97935     -0.00577      0.46704

---------------------------------------
---------------------------------------
Nodal Support Reactions: 
(Node No. - Fx - Fy - Mz)
---------------------------------------
Support =

    1.00000  -25.77132    1.83655    0.00000
    2.00000    0.00000    0.00000    0.00000
    3.00000    0.00000    0.00000    0.00000
    4.00000    0.00000    0.00000    0.00000
    5.00000    0.00000    0.00000    0.00000
    6.00000   10.76506   -3.23506   -1.30948
    7.00000   15.00626    1.39852    0.56548

sumFx = -0.00000000031625
sumFy = 0
sumMz = -0.74401
---------------------------------------
