***************************************
GEOMETRY
***************************************
---------------------------------------
Nodal Coordinates: 
(Node No. - X - Y - Z)
---------------------------------------

NODES =

    1.00000    0.00000    0.00000
    2.00000    0.00000   12.00000
    3.00000    0.00000   24.00000
    4.00000    0.00000   36.00000
    5.00000    0.00000   48.00000
    6.00000   80.50000   25.61000
    7.00000   80.50000   37.61000

---------------------------------------

---------------------------------------
Boundary Conditions: 1 = Restrained, 0 = Free
(Node No. - Tx - Ty - Rz)
---------------------------------------

BOUNDS =

   1   1   1   0
   6   1   1   1
   7   1   1   1

---------------------------------------

---------------------------------------
Element Information:
(Ele No. - iNode - jNode - Member Type - E - A - I)
---------------------------------------

ELES =

        1        1        2        0    29000     9999   999999
        2        2        3        0    29000     9999   999999
        3        3        4        0    29000     9999   999999
        4        4        5        0    29000     9999   999999
        5        4        7        0    29000        5       50
        6        4        6        0    29000        5       50
        7        2        7        0    29000        5       50

---------------------------------------

---------------------------------------
Load Information:
(Node No. - Fx - Fy - Mz)
---------------------------------------

LOADS =

     5     0     0   600

---------------------------------------

plotFile = ../../1. OUTPUT/Analysis4Overturning.png
ans =

   -8.0500   88.5500  -24.3000   72.3000

***************************************
ANALYSIS
***************************************

kff =

 Columns 1 through 5:

    9666657000.00000    1208332125.00000             0.00000    4833328500.00000             0.00000
    1208332125.00000     402778936.36656           487.54524          -369.60294    -201388687.50000
             0.00000           487.54524      48328683.96996          1161.77419             0.00000
    4833328500.00000          -369.60294          1161.77419   19333382658.90257    1208332125.00000
             0.00000    -201388687.50000             0.00000    1208332125.00000     402777375.00000
             0.00000             0.00000     -24164250.00000             0.00000             0.00000
             0.00000   -1208332125.00000             0.00000    4833328500.00000             0.00000
             0.00000             0.00000             0.00000             0.00000    -201388687.50000
             0.00000             0.00000             0.00000             0.00000             0.00000
             0.00000             0.00000             0.00000             0.00000   -1208332125.00000
             0.00000             0.00000             0.00000             0.00000             0.00000
             0.00000             0.00000             0.00000             0.00000             0.00000
             0.00000             0.00000             0.00000             0.00000             0.00000

 Columns 6 through 10:

             0.00000             0.00000             0.00000             0.00000             0.00000
             0.00000   -1208332125.00000             0.00000             0.00000             0.00000
     -24164250.00000             0.00000             0.00000             0.00000             0.00000
             0.00000    4833328500.00000             0.00000             0.00000             0.00000
             0.00000             0.00000    -201388687.50000             0.00000   -1208332125.00000
      48328500.00000             0.00000             0.00000     -24164250.00000             0.00000
             0.00000   19333314000.00000    1208332125.00000             0.00000    4833328500.00000
             0.00000    1208332125.00000     402780932.86078          -187.32500           142.20332
     -24164250.00000             0.00000          -187.32500      48328595.31897          2651.41437
             0.00000    4833328500.00000           142.20332          2651.41437   19333457492.24398
             0.00000             0.00000    -201388687.50000             0.00000    1208332125.00000
             0.00000             0.00000             0.00000     -24164250.00000             0.00000
             0.00000             0.00000   -1208332125.00000             0.00000    4833328500.00000

 Columns 11 through 13:

             0.00000             0.00000             0.00000
             0.00000             0.00000             0.00000
             0.00000             0.00000             0.00000
             0.00000             0.00000             0.00000
             0.00000             0.00000             0.00000
             0.00000             0.00000             0.00000
             0.00000             0.00000             0.00000
    -201388687.50000             0.00000   -1208332125.00000
             0.00000     -24164250.00000             0.00000
    1208332125.00000             0.00000    4833328500.00000
     201388687.50000             0.00000    1208332125.00000
             0.00000      24164250.00000             0.00000
    1208332125.00000             0.00000    9666657000.00000

Number of dof: 13 
Number of loads: 1 
LOADS =

     5     0     0   600

deg =  11
deg =  12
deg =  13
P =

     0
     0
     0
     0
     0
     0
     0
     0
     0
     0
     0
     0
   600

uf =

   0.000118763930
  -0.001425340758
  -0.000000023206
   0.000118807330
  -0.002851722132
  -0.000000069458
   0.000118935488
  -0.004280094586
  -0.000000115710
   0.000119139176
  -0.005711254361
  -0.000000115710
   0.000119387453

***************************************
Post Process
***************************************

---------------------------------------
Nodal Displacements: 
(Node No. - Tx - Ty - Rz)
---------------------------------------

NodalDisp =

   1.00000   0.00000   0.00000   0.00012
   2.00000  -0.00143  -0.00000   0.00012
   3.00000  -0.00285  -0.00000   0.00012
   4.00000  -0.00428  -0.00000   0.00012
   5.00000  -0.00571  -0.00000   0.00012
   6.00000   0.00000   0.00000   0.00000
   7.00000   0.00000   0.00000   0.00000

---------------------------------------
---------------------------------------
Global Member Forces: 
(Element No. - iFx - iFy - iMz - jFx - jFy - jMz)
---------------------------------------

GlobalForces =

     1.00000   -17.48042     0.56075    -0.00000    17.48042    -0.56075   209.76503
     2.00000   -15.21102     1.11765  -218.44899    15.21102    -1.11765   400.98120
     3.00000   -15.21102     1.11765  -400.98120    15.21102    -1.11765   583.51340
     4.00000     0.00000     0.00000  -600.00000    -0.00000     0.00000   600.00000
     5.00000    -7.70812     0.00860     8.69692     7.70812    -0.00860     4.40581
     6.00000    -7.50290     1.10904     7.78967     7.50290    -1.10904     3.53301
     7.00000    -2.26940    -0.55690     8.68396     2.26940     0.55690     4.60537

---------------------------------------
---------------------------------------
Local Member Forces: 
(Element No. - iFx - iFy - iMz - jFx - jFy - jMz)
---------------------------------------

LocalForces =

     1.00000     0.56075    17.48042    -0.00000    -0.56075   -17.48042   209.76503
     2.00000     1.11765    15.21102  -218.44899    -1.11765   -15.21102   400.98120
     3.00000     1.11765    15.21102  -400.98120    -1.11765   -15.21102   583.51340
     4.00000     0.00000    -0.00000  -600.00000     0.00000     0.00000   600.00000
     5.00000    -7.70641     0.16273     8.69692     7.70641    -0.16273     4.40581
     6.00000    -7.58314     0.13950     7.78967     7.58314    -0.13950     3.53301
     7.00000    -2.33143     0.15732     8.68396     2.33143    -0.15732     4.60537

---------------------------------------
---------------------------------------
Nodal Support Reactions: 
(Node No. - Fx - Fy - Mz)
---------------------------------------
Support =

    1.00000  -17.48042    0.56075    0.00000
    2.00000    0.00000    0.00000    0.00000
    3.00000    0.00000    0.00000    0.00000
    4.00000    0.00000    0.00000    0.00000
    5.00000    0.00000    0.00000    0.00000
    6.00000    7.50290   -1.10904    3.53301
    7.00000    9.97752    0.54829    9.01119

sumFx = -0.000000000028791
sumFy =   -6.6613e-16
sumMz =  12.544
---------------------------------------
