***************************************
GEOMETRY
***************************************
---------------------------------------
Nodal Coordinates: 
(Node No. - X - Y - Z)
---------------------------------------

NODES =

    1.00000    0.00000    0.00000
    2.00000    0.00000   12.00000
    3.00000    0.00000   27.00000
    4.00000    0.00000   42.00000
    5.00000    0.00000   54.00000
    6.00000   80.50000   13.61000
    7.00000   80.50000   43.61000

---------------------------------------

---------------------------------------
Boundary Conditions: 1 = Restrained, 0 = Free
(Node No. - Tx - Ty - Rz)
---------------------------------------

BOUNDS =

   1   1   1   0
   6   1   1   1
   7   1   1   1

---------------------------------------

---------------------------------------
Element Information:
(Ele No. - iNode - jNode - Member Type - E - A - I)
---------------------------------------

ELES =

        1.00000        1.00000        2.00000        0.00000    29000.00000     9999.00000   999999.00000
        2.00000        2.00000        3.00000        0.00000    29000.00000     9999.00000   999999.00000
        3.00000        3.00000        4.00000        0.00000    29000.00000     9999.00000   999999.00000
        4.00000        4.00000        5.00000        0.00000    29000.00000     9999.00000   999999.00000
        5.00000        4.00000        7.00000        0.00000    29000.00000        1.88800        1.48400
        6.00000        4.00000        6.00000        0.00000    29000.00000        0.94400        0.74200
        7.00000        2.00000        7.00000        0.00000    29000.00000        0.94400        0.74200

---------------------------------------

---------------------------------------
Load Information:
(Node No. - Fx - Fy - Mz)
---------------------------------------

LOADS =

      5      0      0   1080

---------------------------------------

plotFile = ../../1. OUTPUT/Analysis1Overturning.png
ans =

   -8.0500   88.5500  -21.3000   75.3000

***************************************
ANALYSIS
***************************************

kff =

 Columns 1 through 5:

    9666657000.00000    1208332125.00000             0.00000    4833328500.00000             0.00000
    1208332125.00000     304499969.81047           107.55696     434999558.69081    -103111008.00000
             0.00000           107.55696      43495692.63367            16.06739             0.00000
    4833328500.00000     434999558.69081            16.06739   17399983595.23878     773332560.00000
             0.00000    -103111008.00000             0.00000     773332560.00000     206222016.00000
             0.00000             0.00000     -19331400.00000             0.00000             0.00000
             0.00000    -773332560.00000             0.00000    3866662800.00000             0.00000
             0.00000             0.00000             0.00000             0.00000    -103111008.00000
             0.00000             0.00000             0.00000             0.00000             0.00000
             0.00000             0.00000             0.00000             0.00000    -773332560.00000
             0.00000             0.00000             0.00000             0.00000             0.00000
             0.00000             0.00000             0.00000             0.00000             0.00000
             0.00000             0.00000             0.00000             0.00000             0.00000

 Columns 6 through 10:

             0.00000             0.00000             0.00000             0.00000             0.00000
             0.00000    -773332560.00000             0.00000             0.00000             0.00000
     -19331400.00000             0.00000             0.00000             0.00000             0.00000
             0.00000    3866662800.00000             0.00000             0.00000             0.00000
             0.00000             0.00000    -103111008.00000             0.00000    -773332560.00000
      38662800.00000             0.00000             0.00000     -19331400.00000             0.00000
             0.00000   15466651200.00000     773332560.00000             0.00000    3866662800.00000
             0.00000     773332560.00000     304500660.52483           -86.88961    -434999559.90309
     -19331400.00000             0.00000           -86.88961      43495687.10701            56.53338
             0.00000    3866662800.00000    -434999559.90309            56.53338   17399985746.35442
             0.00000             0.00000    -201388687.50000             0.00000    1208332125.00000
             0.00000             0.00000             0.00000     -24164250.00000             0.00000
             0.00000             0.00000   -1208332125.00000             0.00000    4833328500.00000

 Columns 11 through 13:

             0.00000             0.00000             0.00000
             0.00000             0.00000             0.00000
             0.00000             0.00000             0.00000
             0.00000             0.00000             0.00000
             0.00000             0.00000             0.00000
             0.00000             0.00000             0.00000
             0.00000             0.00000             0.00000
    -201388687.50000             0.00000   -1208332125.00000
             0.00000     -24164250.00000             0.00000
    1208332125.00000             0.00000    4833328500.00000
     201388687.50000             0.00000    1208332125.00000
             0.00000      24164250.00000             0.00000
    1208332125.00000             0.00000    9666657000.00000

Number of dof: 13 
Number of loads: 1 
LOADS =

      5      0      0   1080

deg =  11
deg =  12
deg =  13
P =

      0
      0
      0
      0
      0
      0
      0
      0
      0
      0
      0
      0
   1080

uf =

   0.000618411668
  -0.007421209267
  -0.000000062262
   0.000618478981
  -0.016700144991
  -0.000000180866
   0.000618744870
  -0.025984528019
  -0.000000299470
   0.000619205288
  -0.033417672859
  -0.000000299470
   0.000619652185

***************************************
Post Process
***************************************

---------------------------------------
Nodal Displacements: 
(Node No. - Tx - Ty - Rz)
---------------------------------------

NodalDisp =

   1.00000   0.00000   0.00000   0.00062
   2.00000  -0.00742  -0.00000   0.00062
   3.00000  -0.01670  -0.00000   0.00062
   4.00000  -0.02598  -0.00000   0.00062
   5.00000  -0.03342  -0.00000   0.00062
   6.00000   0.00000   0.00000   0.00000
   7.00000   0.00000   0.00000   0.00000

---------------------------------------
---------------------------------------
Global Member Forces: 
(Element No. - iFx - iFy - iMz - jFx - jFy - jMz)
---------------------------------------

GlobalForces =

      1.00000    -27.11216      1.50451     -0.00000     27.11216     -1.50451    325.34588
      2.00000    -25.07253      2.29278   -326.00824     25.07253     -2.29278    702.09623
      3.00000    -25.07253      2.29278   -702.09623     25.07253     -2.29278   1078.18422
      4.00000      0.00000      0.00000  -1080.00000     -0.00000      0.00000   1080.00000
      5.00000    -17.66326     -0.32808      1.34455     17.66326      0.32808      0.68262
      6.00000     -7.40927      2.62086      0.47123      7.40927     -2.62086      0.15905
      7.00000     -2.03962     -0.78827      0.66236      2.03962      0.78827      0.35459

---------------------------------------
---------------------------------------
Local Member Forces: 
(Element No. - iFx - iFy - iMz - jFx - jFy - jMz)
---------------------------------------

LocalForces =

      1.00000      1.50451     27.11216     -0.00000     -1.50451    -27.11216    325.34588
      2.00000      2.29278     25.07253   -326.00824     -2.29278    -25.07253    702.09623
      3.00000      2.29278     25.07253   -702.09623     -2.29278    -25.07253   1078.18422
      4.00000      0.00000     -0.00000  -1080.00000      0.00000      0.00000   1080.00000
      5.00000    -17.66629      0.02518      1.34455     17.66629     -0.02518      0.68262
      6.00000     -7.85915      0.00738      0.47123      7.85915     -0.00738      0.15905
      7.00000     -2.18662      0.01176      0.66236      2.18662     -0.01176      0.35459

---------------------------------------
---------------------------------------
Nodal Support Reactions: 
(Node No. - Fx - Fy - Mz)
---------------------------------------
Support =

    1.00000  -27.11216    1.50451    0.00000
    2.00000    0.00000    0.00000    0.00000
    3.00000    0.00000    0.00000    0.00000
    4.00000    0.00000    0.00000    0.00000
    5.00000    0.00000    0.00000    0.00000
    6.00000    7.40927   -2.62086    0.15905
    7.00000   19.70289    1.11635    1.03720

sumFx =  0.0000000076282
sumFy =   -1.9984e-15
sumMz =  1.1962
---------------------------------------
