***************************************
GEOMETRY
***************************************
---------------------------------------
Nodal Coordinates: 
(Node No. - X - Y - Z)
---------------------------------------

NODES =

    1.00000    0.00000    0.00000
    2.00000    0.00000   12.00000
    3.00000    0.00000   24.00000
    4.00000    0.00000   36.00000
    5.00000    0.00000   48.00000
    6.00000   80.50000   25.61000
    7.00000   80.50000   37.61000

---------------------------------------

---------------------------------------
Boundary Conditions: 1 = Restrained, 0 = Free
(Node No. - Tx - Ty - Rz)
---------------------------------------

BOUNDS =

   1   1   1   0
   6   1   1   1
   7   1   1   1

---------------------------------------

---------------------------------------
Element Information:
(Ele No. - iNode - jNode - Member Type - E - A - I)
---------------------------------------

ELES =

        1.00000        1.00000        2.00000        0.00000    29000.00000     9999.00000   999999.00000
        2.00000        2.00000        3.00000        0.00000    29000.00000     9999.00000   999999.00000
        3.00000        3.00000        4.00000        0.00000    29000.00000     9999.00000   999999.00000
        4.00000        4.00000        5.00000        0.00000    29000.00000     9999.00000   999999.00000
        5.00000        4.00000        7.00000        1.00000    29000.00000        0.94400        0.74200
        6.00000        4.00000        6.00000        1.00000    29000.00000        0.94400        0.74200
        7.00000        2.00000        7.00000        1.00000    29000.00000        0.94400        0.74200

---------------------------------------

---------------------------------------
Load Information:
(Node No. - Fx - Fy - Mz)
---------------------------------------

LOADS =

      1      0      0   1000

---------------------------------------

plotFile = ../../1. OUTPUT/Analysis4Stiffness.png
ans =

   -8.0500   88.5500  -24.3000   72.3000

***************************************
ANALYSIS
***************************************

kff =

 Columns 1 through 5:

    9666657000.00000    1208332125.00000             0.00000    4833328500.00000             0.00000
    1208332125.00000     402777669.29499            93.59195             0.00000    -201388687.50000
             0.00000            93.59195      48328529.88212             0.00000             0.00000
    4833328500.00000             0.00000             0.00000   19333314000.00000    1208332125.00000
             0.00000    -201388687.50000             0.00000    1208332125.00000     402777375.00000
             0.00000             0.00000     -24164250.00000             0.00000             0.00000
             0.00000   -1208332125.00000             0.00000    4833328500.00000             0.00000
             0.00000             0.00000             0.00000             0.00000    -201388687.50000
             0.00000             0.00000             0.00000             0.00000             0.00000
             0.00000             0.00000             0.00000             0.00000   -1208332125.00000
             0.00000             0.00000             0.00000             0.00000             0.00000
             0.00000             0.00000             0.00000             0.00000             0.00000
             0.00000             0.00000             0.00000             0.00000             0.00000

 Columns 6 through 10:

             0.00000             0.00000             0.00000             0.00000             0.00000
             0.00000   -1208332125.00000             0.00000             0.00000             0.00000
     -24164250.00000             0.00000             0.00000             0.00000             0.00000
             0.00000    4833328500.00000             0.00000             0.00000             0.00000
             0.00000             0.00000    -201388687.50000             0.00000   -1208332125.00000
      48328500.00000             0.00000             0.00000     -24164250.00000             0.00000
             0.00000   19333314000.00000    1208332125.00000             0.00000    4833328500.00000
             0.00000    1208332125.00000     402778046.62296           -36.00820             0.00000
     -24164250.00000             0.00000           -36.00820      48328505.90482             0.00000
             0.00000    4833328500.00000             0.00000             0.00000   19333314000.00000
             0.00000             0.00000    -201388687.50000             0.00000    1208332125.00000
             0.00000             0.00000             0.00000     -24164250.00000             0.00000
             0.00000             0.00000   -1208332125.00000             0.00000    4833328500.00000

 Columns 11 through 13:

             0.00000             0.00000             0.00000
             0.00000             0.00000             0.00000
             0.00000             0.00000             0.00000
             0.00000             0.00000             0.00000
             0.00000             0.00000             0.00000
             0.00000             0.00000             0.00000
             0.00000             0.00000             0.00000
    -201388687.50000             0.00000   -1208332125.00000
             0.00000     -24164250.00000             0.00000
    1208332125.00000             0.00000    4833328500.00000
     201388687.50000             0.00000    1208332125.00000
             0.00000      24164250.00000             0.00000
    1208332125.00000             0.00000    9666657000.00000

Number of dof: 13 
Number of loads: 1 
LOADS =

      1      0      0   1000

deg =  1
P =

   1000
      0
      0
      0
      0
      0
      0
      0
      0
      0
      0
      0
      0

uf =

   0.0010959210392
  -0.0131488711914
  -0.0000000078415
   0.0010955826162
  -0.0262945473236
  -0.0000000666107
   0.0010953853269
  -0.0394386451410
  -0.0000001253799
   0.0010953195637
  -0.0525824799059
  -0.0000001253799
   0.0010953195637

***************************************
Post Process
***************************************

---------------------------------------
Nodal Displacements: 
(Node No. - Tx - Ty - Rz)
---------------------------------------

NodalDisp =

   1.00000   0.00000   0.00000   0.00110
   2.00000  -0.01315  -0.00000   0.00110
   3.00000  -0.02629  -0.00000   0.00110
   4.00000  -0.03944  -0.00000   0.00110
   5.00000  -0.05258  -0.00000   0.00110
   6.00000   0.00000   0.00000   0.00000
   7.00000   0.00000   0.00000   0.00000

---------------------------------------
---------------------------------------
Global Member Forces: 
(Element No. - iFx - iFy - iMz - jFx - jFy - jMz)
---------------------------------------

GlobalForces =

     1.00000   -30.35754     0.18948  1000.00000    30.35754    -0.18948  -635.70949
     2.00000   -26.48790     1.42011   635.70949    26.48790    -1.42011  -317.85474
     3.00000   -26.48790     1.42011   317.85474    26.48790    -1.42011     0.00000
     4.00000     0.00000     0.00000    -0.00000    -0.00000     0.00000    -0.00000
     5.00000   -13.40404    -0.26798     0.00000    13.40404     0.26798     0.00785
     6.00000   -13.08386     1.68810     0.00000    13.08386    -1.68810    -0.04947
     7.00000    -3.86965    -1.23063     0.00000     3.86965     1.23063     0.03606

---------------------------------------
---------------------------------------
Local Member Forces: 
(Element No. - iFx - iFy - iMz - jFx - jFy - jMz)
---------------------------------------

LocalForces =

     1.00000     0.18948    30.35754  1000.00000    -0.18948   -30.35754  -635.70949
     2.00000     1.42011    26.48790   635.70949    -1.42011   -26.48790  -317.85474
     3.00000     1.42011    26.48790   317.85474    -1.42011   -26.48790     0.00000
     4.00000     0.00000    -0.00000    -0.00000     0.00000     0.00000    -0.00000
     5.00000   -13.40672     0.00010     0.00000    13.40672    -0.00010     0.00785
     6.00000   -13.19231    -0.00061     0.00000    13.19231     0.00061    -0.04947
     7.00000    -4.06062     0.00043     0.00000     4.06062    -0.00043     0.03606

---------------------------------------
---------------------------------------
Nodal Support Reactions: 
(Node No. - Fx - Fy - Mz)
---------------------------------------
Support =

    1.00000  -30.35754    0.18948    0.00000
    2.00000    0.00000    0.00000    0.00000
    3.00000    0.00000    0.00000    0.00000
    4.00000    0.00000    0.00000    0.00000
    5.00000    0.00000    0.00000    0.00000
    6.00000   13.08386   -1.68810   -0.04947
    7.00000   17.27369    1.49861    0.04391

sumFx =  0.00000000081567
sumFy =    1.1102e-15
sumMz = -0.0055560
---------------------------------------
