***************************************
GEOMETRY
***************************************
---------------------------------------
Nodal Coordinates: 
(Node No. - X - Y - Z)
---------------------------------------

NODES =

    1.00000    0.00000    0.00000
    2.00000    0.00000   12.00000
    3.00000    0.00000   27.00000
    4.00000    0.00000   42.00000
    5.00000    0.00000   54.00000
    6.00000   40.25000   27.00000
    7.00000   80.50000   12.00000
    8.00000   80.50000   42.00000

---------------------------------------

---------------------------------------
Boundary Conditions: 1 = Restrained, 0 = Free
(Node No. - Tx - Ty - Rz)
---------------------------------------

BOUNDS =

   1   1   1   0
   7   1   1   1
   8   1   1   1

---------------------------------------

---------------------------------------
Element Information:
(Ele No. - iNode - jNode - Member Type - E - A - I)
---------------------------------------

ELES =

        1        1        2        0    29000     9999   999999
        2        2        3        0    29000     9999   999999
        3        3        4        0    29000     9999   999999
        4        4        5        0    29000     9999   999999
        5        4        8        0    29000        5       50
        6        4        6        0    29000        5       50
        7        6        7        0    29000        5       50
        8        2        6        0    29000        5       50
        9        6        8        0    29000        5       50

---------------------------------------

---------------------------------------
Load Information:
(Node No. - Fx - Fy - Mz)
---------------------------------------

LOADS =

     5     0     0   600

---------------------------------------

plotFile = ../../1. OUTPUT/Analysis1.png
ans =

   -8.0500   88.5500  -21.3000   75.3000

***************************************
ANALYSIS
***************************************

kff =

 Columns 1 through 5:

    9666657000.00000    1208332125.00000             0.00000    4833328500.00000             0.00000
    1208332125.00000     304502686.30721          1032.76682     434997918.37810    -103111008.00000
             0.00000          1032.76682      43496254.43163          4418.43544             0.00000
    4833328500.00000     434997918.37810          4418.43544   17400117627.57015     773332560.00000
             0.00000    -103111008.00000             0.00000     773332560.00000     206222016.00000
             0.00000             0.00000     -19331400.00000             0.00000             0.00000
             0.00000    -773332560.00000             0.00000    3866662800.00000             0.00000
             0.00000             0.00000             0.00000             0.00000    -103111008.00000
             0.00000             0.00000             0.00000             0.00000             0.00000
             0.00000             0.00000             0.00000             0.00000    -773332560.00000
             0.00000             0.00000             0.00000             0.00000             0.00000
             0.00000             0.00000             0.00000             0.00000             0.00000
             0.00000             0.00000             0.00000             0.00000             0.00000
             0.00000         -2990.80721         -1032.76682          1646.62190             0.00000
             0.00000         -1032.76682          -604.43163         -4418.43544             0.00000
             0.00000         -1646.62190          4418.43544         67513.78507             0.00000

 Columns 6 through 10:

             0.00000             0.00000             0.00000             0.00000             0.00000
             0.00000    -773332560.00000             0.00000             0.00000             0.00000
     -19331400.00000             0.00000             0.00000             0.00000             0.00000
             0.00000    3866662800.00000             0.00000             0.00000             0.00000
             0.00000             0.00000    -103111008.00000             0.00000    -773332560.00000
      38662800.00000             0.00000             0.00000     -19331400.00000             0.00000
             0.00000   15466651200.00000     773332560.00000             0.00000    3866662800.00000
             0.00000     773332560.00000     304504487.54945         -1032.76682    -434997918.37810
     -19331400.00000             0.00000         -1032.76682      43496287.78668          5760.97624
             0.00000    3866662800.00000    -434997918.37810          5760.97624   17400189677.25959
             0.00000             0.00000    -201388687.50000             0.00000    1208332125.00000
             0.00000             0.00000             0.00000     -24164250.00000             0.00000
             0.00000             0.00000   -1208332125.00000             0.00000    4833328500.00000
             0.00000             0.00000         -2990.80721          1032.76682         -1646.62190
             0.00000             0.00000          1032.76682          -604.43163         -4418.43544
             0.00000             0.00000          1646.62190          4418.43544         67513.78507

 Columns 11 through 15:

             0.00000             0.00000             0.00000             0.00000             0.00000
             0.00000             0.00000             0.00000         -2990.80721         -1032.76682
             0.00000             0.00000             0.00000         -1032.76682          -604.43163
             0.00000             0.00000             0.00000          1646.62190         -4418.43544
             0.00000             0.00000             0.00000             0.00000             0.00000
             0.00000             0.00000             0.00000             0.00000             0.00000
             0.00000             0.00000             0.00000             0.00000             0.00000
    -201388687.50000             0.00000   -1208332125.00000         -2990.80721          1032.76682
             0.00000     -24164250.00000             0.00000          1032.76682          -604.43163
    1208332125.00000             0.00000    4833328500.00000         -1646.62190         -4418.43544
     201388687.50000             0.00000    1208332125.00000             0.00000             0.00000
             0.00000      24164250.00000             0.00000             0.00000             0.00000
    1208332125.00000             0.00000    9666657000.00000             0.00000             0.00000
             0.00000             0.00000             0.00000         11963.22884             0.00000
             0.00000             0.00000             0.00000             0.00000          2417.72652
             0.00000             0.00000             0.00000             0.00000             0.00000

 Column 16:

             0.00000
         -1646.62190
          4418.43544
         67513.78507
             0.00000
             0.00000
             0.00000
          1646.62190
          4418.43544
         67513.78507
             0.00000
             0.00000
             0.00000
             0.00000
             0.00000
        540110.28060

P =

     0
     0
     0
     0
     0
     0
     0
     0
     0
     0
     0
     0
   600
     0
     0
     0

uf =

   0.000095433952
  -0.001145355861
  -0.000000078580
   0.000095471061
  -0.002578399852
  -0.000000199982
   0.000095619083
  -0.004014456700
  -0.000000321384
   0.000095872775
  -0.005166419658
  -0.000000321384
   0.000096121051
  -0.001289876887
   0.001575161930
  -0.000015167745

***************************************
Post Process
***************************************

---------------------------------------
Nodal Displacements: 
(Node No. - Tx - Ty - Rz)
---------------------------------------

NodalDisp =

   1.00000   0.00000   0.00000   0.00010
   2.00000  -0.00115  -0.00000   0.00010
   3.00000  -0.00258  -0.00000   0.00010
   4.00000  -0.00401  -0.00000   0.00010
   5.00000  -0.00517  -0.00000   0.00010
   6.00000  -0.00129   0.00158  -0.00002
   7.00000   0.00000   0.00000   0.00000
   8.00000   0.00000   0.00000   0.00000

---------------------------------------
---------------------------------------
Global Member Forces: 
(Element No. - iFx - iFy - iMz - jFx - jFy - jMz)
---------------------------------------

GlobalForces =

   1.0000e+00  -1.4947e+01   1.8988e+00  -6.4028e-10   1.4947e+01  -1.8988e+00   1.7936e+02
   2.0000e+00  -1.3620e+01   2.3469e+00  -1.8403e+02   1.3620e+01  -2.3469e+00   3.8832e+02
   3.0000e+00  -1.3620e+01   2.3469e+00  -3.8832e+02   1.3620e+01  -2.3469e+00   5.9262e+02
   4.0000e+00   1.0186e-10   1.7764e-15  -6.0000e+02  -1.0186e-10  -1.7764e-15   6.0000e+02
   5.0000e+00  -7.2310e+00   1.2870e-01   6.9072e+00   7.2310e+00  -1.2870e-01   3.4534e+00
   6.0000e+00  -6.3887e+00   2.2182e+00   4.7391e-01   6.3887e+00  -2.2182e+00  -7.0229e+00
   7.0000e+00  -5.5095e+00   2.2172e+00   2.7877e+00   5.5095e+00  -2.2172e+00   3.8118e+00
   8.0000e+00  -1.3269e+00  -4.4805e-01   4.6691e+00   1.3269e+00   4.4805e-01  -2.8005e+00
   9.0000e+00  -2.2060e+00  -4.4708e-01   7.0356e+00   2.2060e+00   4.4708e-01   8.0597e+00

---------------------------------------
---------------------------------------
Local Member Forces: 
(Element No. - iFx - iFy - iMz - jFx - jFy - jMz)
---------------------------------------

LocalForces =

   1.0000e+00   1.8988e+00   1.4947e+01  -6.4028e-10  -1.8988e+00  -1.4947e+01   1.7936e+02
   2.0000e+00   2.3469e+00   1.3620e+01  -1.8403e+02  -2.3469e+00  -1.3620e+01   3.8832e+02
   3.0000e+00   2.3469e+00   1.3620e+01  -3.8832e+02  -2.3469e+00  -1.3620e+01   5.9262e+02
   4.0000e+00   1.7764e-15  -1.0186e-10  -6.0000e+02  -1.7764e-15   1.0186e-10   6.0000e+02
   5.0000e+00  -7.2310e+00   1.2870e-01   6.9072e+00   7.2310e+00  -1.2870e-01   3.4534e+00
   6.0000e+00  -6.7611e+00  -1.5246e-01   4.7391e-01   6.7611e+00   1.5246e-01  -7.0229e+00
   7.0000e+00  -5.9369e+00   1.5364e-01   2.7877e+00   5.9369e+00  -1.5364e-01   3.8118e+00
   8.0000e+00  -1.3998e+00   4.3502e-02   4.6691e+00   1.3998e+00  -4.3502e-02  -2.8005e+00
   9.0000e+00  -2.2233e+00   3.5143e-01   7.0356e+00   2.2233e+00  -3.5143e-01   8.0597e+00

---------------------------------------
---------------------------------------
Nodal Support Reactions: 
(Node No. - Fx - Fy - Mz)
---------------------------------------
Support =

    1.00000  -14.94656    1.89882    0.00000
    2.00000    0.00000    0.00000    0.00000
    3.00000    0.00000    0.00000    0.00000
    4.00000    0.00000    0.00000    0.00000
    5.00000    0.00000    0.00000    0.00000
    6.00000    0.00000    0.00000    0.00000
    7.00000    5.50952   -2.21720    3.81178
    8.00000    9.43703    0.31838   11.51303

sumFx =  0.00000000022132
sumFy =    5.6066e-15
sumMz =  15.325
---------------------------------------
