***************************************
GEOMETRY
***************************************
---------------------------------------
Nodal Coordinates: 
(Node No. - X - Y - Z)
---------------------------------------

NODES =

    1.00000    0.00000    0.00000
    2.00000    0.00000   12.00000
    3.00000    0.00000   27.00000
    4.00000    0.00000   42.00000
    5.00000    0.00000   54.00000
    6.00000   74.50000   19.49000
    7.00000   74.50000   43.49000

---------------------------------------

---------------------------------------
Boundary Conditions: 1 = Restrained, 0 = Free
(Node No. - Tx - Ty - Rz)
---------------------------------------

BOUNDS =

   1   1   1   0
   6   1   1   1
   7   1   1   1

---------------------------------------

---------------------------------------
Element Information:
(Ele No. - iNode - jNode - Member Type - E - A - I)
---------------------------------------

ELES =

        1        1        2        0    29000     9999   999999
        2        2        3        0    29000     9999   999999
        3        3        4        0    29000     9999   999999
        4        4        5        0    29000     9999   999999
        5        4        7        0    29000        5       50
        6        4        6        0    29000        5       50
        7        2        7        0    29000        5       50

---------------------------------------

---------------------------------------
Load Information:
(Node No. - Fx - Fy - Mz)
---------------------------------------

LOADS =

     5     0     0   840

---------------------------------------

plotFile = ../../1. OUTPUT/Analysis3Overturning.png
ans =

   -7.4500   81.9500  -17.7000   71.7000

***************************************
ANALYSIS
***************************************

kff =

 Columns 1 through 5:

    9666657000.00000    1208332125.00000             0.00000    4833328500.00000             0.00000
    1208332125.00000     304501221.47931           631.10797     434999047.22743    -103111008.00000
             0.00000           631.10797      43495949.64448          1224.96210             0.00000
    4833328500.00000     434999047.22743          1224.96210   17400054309.55632     773332560.00000
             0.00000    -103111008.00000             0.00000     773332560.00000     206222016.00000
             0.00000             0.00000     -19331400.00000             0.00000             0.00000
             0.00000    -773332560.00000             0.00000    3866662800.00000             0.00000
             0.00000             0.00000             0.00000             0.00000    -103111008.00000
             0.00000             0.00000             0.00000             0.00000             0.00000
             0.00000             0.00000             0.00000             0.00000    -773332560.00000
             0.00000             0.00000             0.00000             0.00000             0.00000
             0.00000             0.00000             0.00000             0.00000             0.00000
             0.00000             0.00000             0.00000             0.00000             0.00000

 Columns 6 through 10:

             0.00000             0.00000             0.00000             0.00000             0.00000
             0.00000    -773332560.00000             0.00000             0.00000             0.00000
     -19331400.00000             0.00000             0.00000             0.00000             0.00000
             0.00000    3866662800.00000             0.00000             0.00000             0.00000
             0.00000             0.00000    -103111008.00000             0.00000    -773332560.00000
      38662800.00000             0.00000             0.00000     -19331400.00000             0.00000
             0.00000   15466651200.00000     773332560.00000             0.00000    3866662800.00000
             0.00000     773332560.00000     304503351.00582          -467.56252    -434999180.88593
     -19331400.00000             0.00000          -467.56252      43495882.50180          2941.53108
             0.00000    3866662800.00000    -434999180.88593          2941.53108   17400134961.61348
             0.00000             0.00000    -201388687.50000             0.00000    1208332125.00000
             0.00000             0.00000             0.00000     -24164250.00000             0.00000
             0.00000             0.00000   -1208332125.00000             0.00000    4833328500.00000

 Columns 11 through 13:

             0.00000             0.00000             0.00000
             0.00000             0.00000             0.00000
             0.00000             0.00000             0.00000
             0.00000             0.00000             0.00000
             0.00000             0.00000             0.00000
             0.00000             0.00000             0.00000
             0.00000             0.00000             0.00000
    -201388687.50000             0.00000   -1208332125.00000
             0.00000     -24164250.00000             0.00000
    1208332125.00000             0.00000    4833328500.00000
     201388687.50000             0.00000    1208332125.00000
             0.00000      24164250.00000             0.00000
    1208332125.00000             0.00000    9666657000.00000

Number of dof: 13 
Number of loads: 1 
LOADS =

     5     0     0   840

deg =  11
deg =  12
deg =  13
P =

     0
     0
     0
     0
     0
     0
     0
     0
     0
     0
     0
     0
   840

uf =

   0.000122023123
  -0.001464486200
  -0.000000082198
   0.000122075304
  -0.003296994120
  -0.000000225022
   0.000122283292
  -0.005133711116
  -0.000000367845
   0.000122636514
  -0.006607434797
  -0.000000367845
   0.000122984100

***************************************
Post Process
***************************************

---------------------------------------
Nodal Displacements: 
(Node No. - Tx - Ty - Rz)
---------------------------------------

NodalDisp =

   1.00000   0.00000   0.00000   0.00012
   2.00000  -0.00146  -0.00000   0.00012
   3.00000  -0.00330  -0.00000   0.00012
   4.00000  -0.00513  -0.00000   0.00012
   5.00000  -0.00661  -0.00000   0.00012
   6.00000   0.00000   0.00000   0.00000
   7.00000   0.00000   0.00000   0.00000

---------------------------------------
---------------------------------------
Global Member Forces: 
(Element No. - iFx - iFy - iMz - jFx - jFy - jMz)
---------------------------------------

GlobalForces =

     1.00000   -21.01707     1.98625    -0.00000    21.01707    -1.98625   252.20481
     2.00000   -18.71903     2.76098  -261.71694    18.71903    -2.76098   542.50243
     3.00000   -18.71903     2.76098  -542.50243    18.71903    -2.76098   823.28792
     4.00000    -0.00000     0.00000  -840.00000     0.00000     0.00000   840.00000
     5.00000    -9.98974    -0.00330     9.70590     9.98974     0.00330     4.93308
     6.00000    -8.72930     2.76428     7.00618     8.72930    -2.76428     2.43645
     7.00000    -2.29803    -0.77474     9.51214     2.29803     0.77474     5.13515

---------------------------------------
---------------------------------------
Local Member Forces: 
(Element No. - iFx - iFy - iMz - jFx - jFy - jMz)
---------------------------------------

LocalForces =

     1.00000     1.98625    21.01707    -0.00000    -1.98625   -21.01707   252.20481
     2.00000     2.76098    18.71903  -261.71694    -2.76098   -18.71903   542.50243
     3.00000     2.76098    18.71903  -542.50243    -2.76098   -18.71903   823.28792
     4.00000     0.00000     0.00000  -840.00000     0.00000    -0.00000   840.00000
     5.00000    -9.98781     0.19646     9.70590     9.98781    -0.19646     4.93308
     6.00000    -9.15572     0.12133     7.00618     9.15572    -0.12133     2.43645
     7.00000    -2.41834     0.18109     9.51214     2.41834    -0.18109     5.13515

---------------------------------------
---------------------------------------
Nodal Support Reactions: 
(Node No. - Fx - Fy - Mz)
---------------------------------------
Support =

    1.00000  -21.01707    1.98625    0.00000
    2.00000    0.00000    0.00000    0.00000
    3.00000    0.00000    0.00000    0.00000
    4.00000    0.00000    0.00000    0.00000
    5.00000    0.00000    0.00000    0.00000
    6.00000    8.72930   -2.76428    2.43645
    7.00000   12.28777    0.77803   10.06824

sumFx =  0.0000000010370
sumFy =   -1.5543e-15
sumMz =  12.505
---------------------------------------
