***************************************
GEOMETRY
***************************************
---------------------------------------
Nodal Coordinates: 
(Node No. - X - Y - Z)
---------------------------------------

NODES =

    1.00000    0.00000    0.00000
    2.00000    0.00000   12.00000
    3.00000    0.00000   27.00000
    4.00000    0.00000   42.00000
    5.00000    0.00000   54.00000
    6.00000   84.46000   19.68920
    7.00000   84.46000   43.68920

---------------------------------------

---------------------------------------
Boundary Conditions: 1 = Restrained, 0 = Free
(Node No. - Tx - Ty - Rz)
---------------------------------------

BOUNDS =

   1   1   1   0
   6   1   1   1
   7   1   1   1

---------------------------------------

---------------------------------------
Element Information:
(Ele No. - iNode - jNode - Member Type - E - A - I)
---------------------------------------

ELES =

        1        1        2        0    29000     9999   999999
        2        2        3        0    29000     9999   999999
        3        3        4        0    29000     9999   999999
        4        4        5        0    29000     9999   999999
        5        4        7        0    29000        5       50
        6        4        6        0    29000        5       50
        7        2        7        0    29000        5       50

---------------------------------------

---------------------------------------
Load Information:
(Node No. - Fx - Fy - Mz)
---------------------------------------

LOADS =

     5     0     0   720

---------------------------------------

plotFile = ../../1. OUTPUT/Analysis2Overturning.png
ans =

   -8.4460   92.9060  -23.6760   77.6760

***************************************
ANALYSIS
***************************************

kff =

 Columns 1 through 5:

    9666657000.00000    1208332125.00000             0.00000    4833328500.00000             0.00000
    1208332125.00000     304501107.44730           520.86624     434999189.44093    -103111008.00000
             0.00000           520.86624      43495869.13048          1000.96308             0.00000
    4833328500.00000     434999189.44093          1000.96308   17400046895.00524     773332560.00000
             0.00000    -103111008.00000             0.00000     773332560.00000     206222016.00000
             0.00000             0.00000     -19331400.00000             0.00000             0.00000
             0.00000    -773332560.00000             0.00000    3866662800.00000             0.00000
             0.00000             0.00000             0.00000             0.00000    -103111008.00000
             0.00000             0.00000             0.00000             0.00000             0.00000
             0.00000             0.00000             0.00000             0.00000    -773332560.00000
             0.00000             0.00000             0.00000             0.00000             0.00000
             0.00000             0.00000             0.00000             0.00000             0.00000
             0.00000             0.00000             0.00000             0.00000             0.00000

 Columns 6 through 10:

             0.00000             0.00000             0.00000             0.00000             0.00000
             0.00000    -773332560.00000             0.00000             0.00000             0.00000
     -19331400.00000             0.00000             0.00000             0.00000             0.00000
             0.00000    3866662800.00000             0.00000             0.00000             0.00000
             0.00000             0.00000    -103111008.00000             0.00000    -773332560.00000
      38662800.00000             0.00000             0.00000     -19331400.00000             0.00000
             0.00000   15466651200.00000     773332560.00000             0.00000    3866662800.00000
             0.00000     773332560.00000     304502964.55821          -369.68061    -434999298.21198
     -19331400.00000             0.00000          -369.68061      43495812.20458          2321.10644
             0.00000    3866662800.00000    -434999298.21198          2321.10644   17400117651.97364
             0.00000             0.00000    -201388687.50000             0.00000    1208332125.00000
             0.00000             0.00000             0.00000     -24164250.00000             0.00000
             0.00000             0.00000   -1208332125.00000             0.00000    4833328500.00000

 Columns 11 through 13:

             0.00000             0.00000             0.00000
             0.00000             0.00000             0.00000
             0.00000             0.00000             0.00000
             0.00000             0.00000             0.00000
             0.00000             0.00000             0.00000
             0.00000             0.00000             0.00000
             0.00000             0.00000             0.00000
    -201388687.50000             0.00000   -1208332125.00000
             0.00000     -24164250.00000             0.00000
    1208332125.00000             0.00000    4833328500.00000
     201388687.50000             0.00000    1208332125.00000
             0.00000      24164250.00000             0.00000
    1208332125.00000             0.00000    9666657000.00000

Number of dof: 13 
Number of loads: 1 
LOADS =

     5     0     0   720

deg =  11
deg =  12
deg =  13
P =

     0
     0
     0
     0
     0
     0
     0
     0
     0
     0
     0
     0
   720

uf =

   0.000116783455
  -0.001401580724
  -0.000000061047
   0.000116828270
  -0.003155187114
  -0.000000169071
   0.000117006641
  -0.004912401697
  -0.000000277096
   0.000117309362
  -0.006321901635
  -0.000000277096
   0.000117607294

***************************************
Post Process
***************************************

---------------------------------------
Nodal Displacements: 
(Node No. - Tx - Ty - Rz)
---------------------------------------

NodalDisp =

   1.00000   0.00000   0.00000   0.00012
   2.00000  -0.00140  -0.00000   0.00012
   3.00000  -0.00316  -0.00000   0.00012
   4.00000  -0.00491  -0.00000   0.00012
   5.00000  -0.00632  -0.00000   0.00012
   6.00000   0.00000   0.00000   0.00000
   7.00000   0.00000   0.00000   0.00000

---------------------------------------
---------------------------------------
Global Member Forces: 
(Element No. - iFx - iFy - iMz - jFx - jFy - jMz)
---------------------------------------

GlobalForces =

     1.00000   -18.05039     1.47515     0.00000    18.05039    -1.47515   216.60473
     2.00000   -16.02753     2.08826  -224.64251    16.02753    -2.08826   465.05543
     3.00000   -16.02753     2.08826  -465.05543    16.02753    -2.08826   705.46835
     4.00000     0.00000     0.00000  -720.00000    -0.00000     0.00000   720.00000
     5.00000    -8.43143    -0.02276     8.17362     8.43143     0.02276     4.14652
     6.00000    -7.59610     2.11102     6.35803     7.59610    -2.11102     2.46370
     7.00000    -2.02287    -0.61311     8.03779     2.02287     0.61311     4.28205

---------------------------------------
---------------------------------------
Local Member Forces: 
(Element No. - iFx - iFy - iMz - jFx - jFy - jMz)
---------------------------------------

LocalForces =

     1.00000     1.47515    18.05039     0.00000    -1.47515   -18.05039   216.60473
     2.00000     2.08826    16.02753  -224.64251    -2.08826   -16.02753   465.05543
     3.00000     2.08826    16.02753  -465.05543    -2.08826   -16.02753   705.46835
     4.00000     0.00000    -0.00000  -720.00000     0.00000     0.00000   720.00000
     5.00000    -8.43019     0.14584     8.17362     8.43019    -0.14584     4.14652
     6.00000    -7.88334     0.10098     6.35803     7.88334    -0.10098     2.46370
     7.00000    -2.10932     0.13657     8.03779     2.10932    -0.13657     4.28205

---------------------------------------
---------------------------------------
Nodal Support Reactions: 
(Node No. - Fx - Fy - Mz)
---------------------------------------
Support =

    1.00000  -18.05039    1.47515    0.00000
    2.00000    0.00000    0.00000    0.00000
    3.00000    0.00000    0.00000    0.00000
    4.00000    0.00000    0.00000    0.00000
    5.00000    0.00000    0.00000    0.00000
    6.00000    7.59610   -2.11102    2.46370
    7.00000   10.45429    0.63587    8.42857

sumFx =  0.00000000027694
sumFy =    3.3307e-16
sumMz =  10.892
---------------------------------------
