***************************************
GEOMETRY
***************************************
---------------------------------------
Nodal Coordinates: 
(Node No. - X - Y - Z)
---------------------------------------

NODES =

    1.00000    0.00000    0.00000
    2.00000    0.00000   12.00000
    3.00000    0.00000   24.00000
    4.00000    0.00000   36.00000
    5.00000    0.00000   48.00000
    6.00000   40.25000   24.00000
    7.00000   80.50000   12.00000
    8.00000   80.50000   36.00000

---------------------------------------

---------------------------------------
Boundary Conditions: 1 = Restrained, 0 = Free
(Node No. - Tx - Ty - Rz)
---------------------------------------

BOUNDS =

   1   1   1   0
   7   1   1   1
   8   1   1   1

---------------------------------------

---------------------------------------
Element Information:
(Ele No. - iNode - jNode - Member Type - E - A - I)
---------------------------------------

ELES =

        1        1        2        0    29000     9999   999999
        2        2        3        0    29000     9999   999999
        3        3        4        0    29000     9999   999999
        4        4        5        0    29000     9999   999999
        5        4        8        0    29000        5       50
        6        4        6        0    29000        5       50
        7        6        7        0    29000        5       50
        8        2        6        0    29000        5       50
        9        6        8        0    29000        5       50

---------------------------------------

---------------------------------------
Load Information:
(Node No. - Fx - Fy - Mz)
---------------------------------------

LOADS =

     5     0     0   600

---------------------------------------

plotFile = ../../1. OUTPUT/Analysis4.png
ans =

   -8.0500   88.5500  -24.3000   72.3000

***************************************
ANALYSIS
***************************************

kff =

 Columns 1 through 5:

    9666657000.00000    1208332125.00000             0.00000    4833328500.00000             0.00000
    1208332125.00000     402780564.67796           880.94448         -1409.06020    -201388687.50000
             0.00000           880.94448      48328997.48520          4726.22274             0.00000
    4833328500.00000         -1409.06020          4726.22274   19333452092.79174    1208332125.00000
             0.00000    -201388687.50000             0.00000    1208332125.00000     402777375.00000
             0.00000             0.00000     -24164250.00000             0.00000             0.00000
             0.00000   -1208332125.00000             0.00000    4833328500.00000             0.00000
             0.00000             0.00000             0.00000             0.00000    -201388687.50000
             0.00000             0.00000             0.00000             0.00000             0.00000
             0.00000             0.00000             0.00000             0.00000   -1208332125.00000
             0.00000             0.00000             0.00000             0.00000             0.00000
             0.00000             0.00000             0.00000             0.00000             0.00000
             0.00000             0.00000             0.00000             0.00000             0.00000
             0.00000         -3189.67796          -880.94448          1409.06020             0.00000
             0.00000          -880.94448          -497.48520         -4726.22274             0.00000
             0.00000         -1409.06020          4726.22274         69046.39587             0.00000

 Columns 6 through 10:

             0.00000             0.00000             0.00000             0.00000             0.00000
             0.00000   -1208332125.00000             0.00000             0.00000             0.00000
     -24164250.00000             0.00000             0.00000             0.00000             0.00000
             0.00000    4833328500.00000             0.00000             0.00000             0.00000
             0.00000             0.00000    -201388687.50000             0.00000   -1208332125.00000
      48328500.00000             0.00000             0.00000     -24164250.00000             0.00000
             0.00000   19333314000.00000    1208332125.00000             0.00000    4833328500.00000
             0.00000    1208332125.00000     402782365.92020          -880.94448          1409.06020
     -24164250.00000             0.00000          -880.94448      48329030.84025          6068.76354
             0.00000    4833328500.00000          1409.06020          6068.76354   19333524142.48119
             0.00000             0.00000    -201388687.50000             0.00000    1208332125.00000
             0.00000             0.00000             0.00000     -24164250.00000             0.00000
             0.00000             0.00000   -1208332125.00000             0.00000    4833328500.00000
             0.00000             0.00000         -3189.67796           880.94448         -1409.06020
             0.00000             0.00000           880.94448          -497.48520         -4726.22274
             0.00000             0.00000          1409.06020          4726.22274         69046.39587

 Columns 11 through 15:

             0.00000             0.00000             0.00000             0.00000             0.00000
             0.00000             0.00000             0.00000         -3189.67796          -880.94448
             0.00000             0.00000             0.00000          -880.94448          -497.48520
             0.00000             0.00000             0.00000          1409.06020         -4726.22274
             0.00000             0.00000             0.00000             0.00000             0.00000
             0.00000             0.00000             0.00000             0.00000             0.00000
             0.00000             0.00000             0.00000             0.00000             0.00000
    -201388687.50000             0.00000   -1208332125.00000         -3189.67796           880.94448
             0.00000     -24164250.00000             0.00000           880.94448          -497.48520
    1208332125.00000             0.00000    4833328500.00000         -1409.06020         -4726.22274
     201388687.50000             0.00000    1208332125.00000             0.00000             0.00000
             0.00000      24164250.00000             0.00000             0.00000             0.00000
    1208332125.00000             0.00000    9666657000.00000             0.00000             0.00000
             0.00000             0.00000             0.00000         12758.71185             0.00000
             0.00000             0.00000             0.00000             0.00000          1989.94079
             0.00000             0.00000             0.00000             0.00000             0.00000

 Column 16:

             0.00000
         -1409.06020
          4726.22274
         69046.39587
             0.00000
             0.00000
             0.00000
          1409.06020
          4726.22274
         69046.39587
             0.00000
             0.00000
             0.00000
             0.00000
             0.00000
        552371.16698

P =

     0
     0
     0
     0
     0
     0
     0
     0
     0
     0
     0
     0
   600
     0
     0
     0

uf =

   0.000122804474
  -0.001473826284
  -0.000000075621
   0.000122847623
  -0.002948686196
  -0.000000170653
   0.000122975253
  -0.004425541735
  -0.000000265685
   0.000123180228
  -0.005905194124
  -0.000000265685
   0.000123428504
  -0.001474792149
   0.001890965837
  -0.000023220942

***************************************
Post Process
***************************************

---------------------------------------
Nodal Displacements: 
(Node No. - Tx - Ty - Rz)
---------------------------------------

NodalDisp =

   1.00000   0.00000   0.00000   0.00012
   2.00000  -0.00147  -0.00000   0.00012
   3.00000  -0.00295  -0.00000   0.00012
   4.00000  -0.00443  -0.00000   0.00012
   5.00000  -0.00591  -0.00000   0.00012
   6.00000  -0.00147   0.00189  -0.00002
   7.00000   0.00000   0.00000   0.00000
   8.00000   0.00000   0.00000   0.00000

---------------------------------------
---------------------------------------
Global Member Forces: 
(Element No. - iFx - iFy - iMz - jFx - jFy - jMz)
---------------------------------------

GlobalForces =

   1.0000e+00  -1.7380e+01   1.8273e+00  -8.1491e-10   1.7380e+01  -1.8273e+00   2.0856e+02
   2.0000e+00  -1.5576e+01   2.2964e+00  -2.1498e+02   1.5576e+01  -2.2964e+00   4.0190e+02
   3.0000e+00  -1.5576e+01   2.2964e+00  -4.0190e+02   1.5576e+01  -2.2964e+00   5.8881e+02
   4.0000e+00  -8.7311e-11   5.3291e-15  -6.0000e+02   8.7311e-11  -5.3291e-15   6.0000e+02
   5.0000e+00  -7.9715e+00   1.6537e-01   8.8747e+00   7.9715e+00  -1.6537e-01   4.4372e+00
   6.0000e+00  -7.6050e+00   2.1310e+00   2.3108e+00   7.6050e+00  -2.1310e+00  -7.7977e+00
   7.0000e+00  -6.4027e+00   2.1302e+00   3.6524e+00   6.4027e+00  -2.1302e+00   5.2557e+00
   8.0000e+00  -1.8032e+00  -4.6906e-01   6.4222e+00   1.8032e+00   4.6906e-01  -3.6633e+00
   9.0000e+00  -3.0056e+00  -4.6823e-01   7.8086e+00   3.0056e+00   4.6823e-01   9.4119e+00

---------------------------------------
---------------------------------------
Local Member Forces: 
(Element No. - iFx - iFy - iMz - jFx - jFy - jMz)
---------------------------------------

LocalForces =

   1.0000e+00   1.8273e+00   1.7380e+01  -8.1491e-10  -1.8273e+00  -1.7380e+01   2.0856e+02
   2.0000e+00   2.2964e+00   1.5576e+01  -2.1498e+02  -2.2964e+00  -1.5576e+01   4.0190e+02
   3.0000e+00   2.2964e+00   1.5576e+01  -4.0190e+02  -2.2964e+00  -1.5576e+01   5.8881e+02
   4.0000e+00   5.3291e-15   8.7311e-11  -6.0000e+02  -5.3291e-15  -8.7311e-11   6.0000e+02
   5.0000e+00  -7.9715e+00   1.6537e-01   8.8747e+00   7.9715e+00  -1.6537e-01   4.4372e+00
   6.0000e+00  -7.8969e+00  -1.3064e-01   2.3108e+00   7.8969e+00   1.3064e-01  -7.7977e+00
   7.0000e+00  -6.7444e+00   2.1209e-01   3.6524e+00   6.7444e+00  -2.1209e-01   5.2557e+00
   8.0000e+00  -1.8621e+00   6.5687e-02   6.4222e+00   1.8621e+00  -6.5687e-02  -3.6633e+00
   9.0000e+00  -3.0141e+00   4.1000e-01   7.8086e+00   3.0141e+00  -4.1000e-01   9.4119e+00

---------------------------------------
---------------------------------------
Nodal Support Reactions: 
(Node No. - Fx - Fy - Mz)
---------------------------------------
Support =

    1.00000  -17.37970    1.82733    0.00000
    2.00000    0.00000    0.00000    0.00000
    3.00000    0.00000    0.00000    0.00000
    4.00000    0.00000    0.00000    0.00000
    5.00000    0.00000    0.00000    0.00000
    6.00000    0.00000    0.00000    0.00000
    7.00000    6.40267   -2.13019    5.25573
    8.00000   10.97703    0.30286   13.84907

sumFx =  0.000000000049905
sumFy =    3.8858e-15
sumMz =  19.105
---------------------------------------
