***************************************
GEOMETRY
***************************************
---------------------------------------
Nodal Coordinates: 
(Node No. - X - Y - Z)
---------------------------------------

NODES =

    1.00000    0.00000    0.00000
    2.00000    0.00000   12.00000
    3.00000    0.00000   27.00000
    4.00000    0.00000   42.00000
    5.00000    0.00000   54.00000
    6.00000   84.46000   19.68920
    7.00000   84.46000   43.68920

---------------------------------------

---------------------------------------
Boundary Conditions: 1 = Restrained, 0 = Free
(Node No. - Tx - Ty - Rz)
---------------------------------------

BOUNDS =

   1   1   1   0
   6   1   1   1
   7   1   1   1

---------------------------------------

---------------------------------------
Element Information:
(Ele No. - iNode - jNode - Member Type - E - A - I)
---------------------------------------

ELES =

        1.00000        1.00000        2.00000        0.00000    29000.00000     9999.00000   999999.00000
        2.00000        2.00000        3.00000        0.00000    29000.00000     9999.00000   999999.00000
        3.00000        3.00000        4.00000        0.00000    29000.00000     9999.00000   999999.00000
        4.00000        4.00000        5.00000        0.00000    29000.00000     9999.00000   999999.00000
        5.00000        4.00000        7.00000        0.00000    29000.00000        0.94400        0.74200
        6.00000        4.00000        6.00000        0.00000    29000.00000        0.94400        0.74200
        7.00000        2.00000        7.00000        0.00000    29000.00000        0.94400        0.74200

---------------------------------------

---------------------------------------
Load Information:
(Node No. - Fx - Fy - Mz)
---------------------------------------

LOADS =

   3   8   0   0

---------------------------------------

plotFile = ../../1. OUTPUT/Analysis2Horizontal.png
ans =

   -8.4460   92.9060  -23.6760   77.6760

***************************************
ANALYSIS
***************************************

kff =

 Columns 1 through 5:

    9666657000.00000    1208332125.00000             0.00000    4833328500.00000             0.00000
    1208332125.00000     304499961.56683            99.69569     434999559.42670    -103111008.00000
             0.00000            99.69569      43495687.75735            14.85429             0.00000
    4833328500.00000     434999559.42670            14.85429   17399983554.13788     773332560.00000
             0.00000    -103111008.00000             0.00000     773332560.00000     206222016.00000
             0.00000             0.00000     -19331400.00000             0.00000             0.00000
             0.00000    -773332560.00000             0.00000    3866662800.00000             0.00000
             0.00000             0.00000             0.00000             0.00000    -103111008.00000
             0.00000             0.00000             0.00000             0.00000             0.00000
             0.00000             0.00000             0.00000             0.00000    -773332560.00000
             0.00000             0.00000             0.00000             0.00000             0.00000
             0.00000             0.00000             0.00000             0.00000             0.00000
             0.00000             0.00000             0.00000             0.00000             0.00000

 Columns 6 through 10:

             0.00000             0.00000             0.00000             0.00000             0.00000
             0.00000    -773332560.00000             0.00000             0.00000             0.00000
     -19331400.00000             0.00000             0.00000             0.00000             0.00000
             0.00000    3866662800.00000             0.00000             0.00000             0.00000
             0.00000             0.00000    -103111008.00000             0.00000    -773332560.00000
      38662800.00000             0.00000             0.00000     -19331400.00000             0.00000
             0.00000   15466651200.00000     773332560.00000             0.00000    3866662800.00000
             0.00000     773332560.00000     304500312.40001           -70.81650    -434999561.04087
     -19331400.00000             0.00000           -70.81650      43495671.36096            34.44522
             0.00000    3866662800.00000    -434999561.04087            34.44522   17399984604.17129
             0.00000             0.00000    -201388687.50000             0.00000    1208332125.00000
             0.00000             0.00000             0.00000     -24164250.00000             0.00000
             0.00000             0.00000   -1208332125.00000             0.00000    4833328500.00000

 Columns 11 through 13:

             0.00000             0.00000             0.00000
             0.00000             0.00000             0.00000
             0.00000             0.00000             0.00000
             0.00000             0.00000             0.00000
             0.00000             0.00000             0.00000
             0.00000             0.00000             0.00000
             0.00000             0.00000             0.00000
    -201388687.50000             0.00000   -1208332125.00000
             0.00000     -24164250.00000             0.00000
    1208332125.00000             0.00000    4833328500.00000
     201388687.50000             0.00000    1208332125.00000
             0.00000      24164250.00000             0.00000
    1208332125.00000             0.00000    9666657000.00000

Number of dof: 13 
Number of loads: 1 
LOADS =

   3   8   0   0

deg =  5
deg =  6
deg =  7
P =

   0
   0
   0
   0
   8
   0
   0
   0
   0
   0
   0
   0
   0

uf =

  -0.000191294167
   0.002295505836
   0.000000014462
  -0.000191288126
   0.005164656150
   0.000000044232
  -0.000191261312
   0.008033382247
   0.000000074001
  -0.000191241908
   0.010328285144
   0.000000074001
  -0.000191241908

***************************************
Post Process
***************************************

---------------------------------------
Nodal Displacements: 
(Node No. - Tx - Ty - Rz)
---------------------------------------

NodalDisp =

   1.00000   0.00000   0.00000  -0.00019
   2.00000   0.00230   0.00000  -0.00019
   3.00000   0.00516   0.00000  -0.00019
   4.00000   0.00803   0.00000  -0.00019
   5.00000   0.01033   0.00000  -0.00019
   6.00000   0.00000   0.00000   0.00000
   7.00000   0.00000   0.00000   0.00000

---------------------------------------
---------------------------------------
Global Member Forces: 
(Element No. - iFx - iFy - iMz - jFx - jFy - jMz)
---------------------------------------

GlobalForces =

    1.00000   -2.43314   -0.34947    0.00000    2.43314    0.34947   29.19772
    2.00000   -3.04497   -0.57548  -29.00241    3.04497    0.57548   74.67694
    3.00000    4.95503   -0.57548  -74.67694   -4.95503    0.57548    0.35147
    4.00000   -0.00000    0.00000    0.00000    0.00000    0.00000   -0.00000
    5.00000    2.60237    0.04852   -0.19776   -2.60237   -0.04852   -0.10033
    6.00000    2.35266   -0.62400   -0.15372   -2.35266    0.62400   -0.05950
    7.00000    0.61183    0.22601   -0.19531   -0.61183   -0.22601   -0.10405

---------------------------------------
---------------------------------------
Local Member Forces: 
(Element No. - iFx - iFy - iMz - jFx - jFy - jMz)
---------------------------------------

LocalForces =

    1.00000   -0.34947    2.43314    0.00000    0.34947   -2.43314   29.19772
    2.00000   -0.57548    3.04497  -29.00241    0.57548   -3.04497   74.67694
    3.00000   -0.57548   -4.95503  -74.67694    0.57548    4.95503    0.35147
    4.00000    0.00000    0.00000    0.00000    0.00000   -0.00000   -0.00000
    5.00000    2.60282   -0.00353   -0.19776   -2.60282    0.00353   -0.10033
    6.00000    2.43401   -0.00244   -0.15372   -2.43401    0.00244   -0.05950
    7.00000    0.65223   -0.00332   -0.19531   -0.65223    0.00332   -0.10405

---------------------------------------
---------------------------------------
Nodal Support Reactions: 
(Node No. - Fx - Fy - Mz)
---------------------------------------
Support =

   1.00000  -2.43314  -0.34947   0.00000
   2.00000   0.00000   0.00000   0.00000
   3.00000   0.00000   0.00000   0.00000
   4.00000   0.00000   0.00000   0.00000
   5.00000   0.00000   0.00000   0.00000
   6.00000  -2.35266   0.62400  -0.05950
   7.00000  -3.21419  -0.27453  -0.20438

sumFx = -8.0000
sumFy =   -2.2204e-16
sumMz = -0.26388
---------------------------------------
