***************************************
GEOMETRY
***************************************
---------------------------------------
Nodal Coordinates: 
(Node No. - X - Y - Z)
---------------------------------------

NODES =

    1.00000    0.00000    0.00000
    2.00000    0.00000   12.00000
    3.00000    0.00000   27.00000
    4.00000    0.00000   42.00000
    5.00000    0.00000   54.00000
    6.00000   42.23000   27.00000
    7.00000   84.46000   12.00000
    8.00000   84.46000   42.00000

---------------------------------------

---------------------------------------
Boundary Conditions: 1 = Restrained, 0 = Free
(Node No. - Tx - Ty - Rz)
---------------------------------------

BOUNDS =

   1   1   1   0
   7   1   1   1
   8   1   1   1

---------------------------------------

---------------------------------------
Element Information:
(Ele No. - iNode - jNode - Member Type - E - A - I)
---------------------------------------

ELES =

        1        1        2        0    29000     9999   999999
        2        2        3        0    29000     9999   999999
        3        3        4        0    29000     9999   999999
        4        4        5        0    29000     9999   999999
        5        4        8        0    29000        5       50
        6        4        6        0    29000        5       50
        7        6        7        0    29000        5       50
        8        2        6        0    29000        5       50
        9        6        8        0    29000        5       50

---------------------------------------

---------------------------------------
Load Information:
(Node No. - Fx - Fy - Mz)
---------------------------------------

LOADS =

     5     0     0   720

---------------------------------------

plotFile = ../../1. OUTPUT/Analysis2.png
ans =

   -8.4460   92.9060  -23.6760   77.6760

***************************************
ANALYSIS
***************************************

kff =

 Columns 1 through 5:

    9666657000.00000    1208332125.00000             0.00000    4833328500.00000             0.00000
    1208332125.00000     304502590.21112           959.52705     434998115.08019    -103111008.00000
             0.00000           959.52705      43496184.14447          4082.00756             0.00000
    4833328500.00000     434998115.08019          4082.00756   17400112021.31770     773332560.00000
             0.00000    -103111008.00000             0.00000     773332560.00000     206222016.00000
             0.00000             0.00000     -19331400.00000             0.00000             0.00000
             0.00000    -773332560.00000             0.00000    3866662800.00000             0.00000
             0.00000             0.00000             0.00000             0.00000    -103111008.00000
             0.00000             0.00000             0.00000             0.00000             0.00000
             0.00000             0.00000             0.00000             0.00000    -773332560.00000
             0.00000             0.00000             0.00000             0.00000             0.00000
             0.00000             0.00000             0.00000             0.00000             0.00000
             0.00000             0.00000             0.00000             0.00000             0.00000
             0.00000         -2894.71112          -959.52705          1449.91981             0.00000
             0.00000          -959.52705          -534.14447         -4082.00756             0.00000
             0.00000         -1449.91981          4082.00756         64710.65885             0.00000

 Columns 6 through 10:

             0.00000             0.00000             0.00000             0.00000             0.00000
             0.00000    -773332560.00000             0.00000             0.00000             0.00000
     -19331400.00000             0.00000             0.00000             0.00000             0.00000
             0.00000    3866662800.00000             0.00000             0.00000             0.00000
             0.00000             0.00000    -103111008.00000             0.00000    -773332560.00000
      38662800.00000             0.00000             0.00000     -19331400.00000             0.00000
             0.00000   15466651200.00000     773332560.00000             0.00000    3866662800.00000
             0.00000     773332560.00000     304504307.00013          -959.52705    -434998115.08019
     -19331400.00000             0.00000          -959.52705      43496213.02439          5301.60667
             0.00000    3866662800.00000    -434998115.08019          5301.60667   17400180692.87820
             0.00000             0.00000    -201388687.50000             0.00000    1208332125.00000
             0.00000             0.00000             0.00000     -24164250.00000             0.00000
             0.00000             0.00000   -1208332125.00000             0.00000    4833328500.00000
             0.00000             0.00000         -2894.71112           959.52705         -1449.91981
             0.00000             0.00000           959.52705          -534.14447         -4082.00756
             0.00000             0.00000          1449.91981          4082.00756         64710.65885

 Columns 11 through 15:

             0.00000             0.00000             0.00000             0.00000             0.00000
             0.00000             0.00000             0.00000         -2894.71112          -959.52705
             0.00000             0.00000             0.00000          -959.52705          -534.14447
             0.00000             0.00000             0.00000          1449.91981         -4082.00756
             0.00000             0.00000             0.00000             0.00000             0.00000
             0.00000             0.00000             0.00000             0.00000             0.00000
             0.00000             0.00000             0.00000             0.00000             0.00000
    -201388687.50000             0.00000   -1208332125.00000         -2894.71112           959.52705
             0.00000     -24164250.00000             0.00000           959.52705          -534.14447
    1208332125.00000             0.00000    4833328500.00000         -1449.91981         -4082.00756
     201388687.50000             0.00000    1208332125.00000             0.00000             0.00000
             0.00000      24164250.00000             0.00000             0.00000             0.00000
    1208332125.00000             0.00000    9666657000.00000             0.00000             0.00000
             0.00000             0.00000             0.00000         11578.84447             0.00000
             0.00000             0.00000             0.00000             0.00000          2136.57787
             0.00000             0.00000             0.00000             0.00000             0.00000

 Column 16:

             0.00000
         -1449.91981
          4082.00756
         64710.65885
             0.00000
             0.00000
             0.00000
          1449.91981
          4082.00756
         64710.65885
             0.00000
             0.00000
             0.00000
             0.00000
             0.00000
        517685.27080

P =

     0
     0
     0
     0
     0
     0
     0
     0
     0
     0
     0
     0
   720
     0
     0
     0

uf =

   0.000119256465
  -0.001431255772
  -0.000000090708
   0.000119301013
  -0.003221944342
  -0.000000231236
   0.000119478590
  -0.005016247294
  -0.000000371765
   0.000119782931
  -0.006455430052
  -0.000000371765
   0.000120080862
  -0.001611792129
   0.002066665502
  -0.000019841093

***************************************
Post Process
***************************************

---------------------------------------
Nodal Displacements: 
(Node No. - Tx - Ty - Rz)
---------------------------------------

NodalDisp =

   1.00000   0.00000   0.00000   0.00012
   2.00000  -0.00143  -0.00000   0.00012
   3.00000  -0.00322  -0.00000   0.00012
   4.00000  -0.00502  -0.00000   0.00012
   5.00000  -0.00646  -0.00000   0.00012
   6.00000  -0.00161   0.00207  -0.00002
   7.00000   0.00000   0.00000   0.00000
   8.00000   0.00000   0.00000   0.00000

---------------------------------------
---------------------------------------
Global Member Forces: 
(Element No. - iFx - iFy - iMz - jFx - jFy - jMz)
---------------------------------------

GlobalForces =

   1.0000e+00  -1.7943e+01   2.1919e+00  -2.3283e-10   1.7943e+01  -2.1919e+00   2.1532e+02
   2.0000e+00  -1.6338e+01   2.7166e+00  -2.2078e+02   1.6338e+01  -2.7166e+00   4.6585e+02
   3.0000e+00  -1.6338e+01   2.7166e+00  -4.6585e+02   1.6338e+01  -2.7166e+00   7.1093e+02
   4.0000e+00   2.9104e-10  -5.3291e-15  -7.2000e+02  -2.9104e-10   5.3291e-15   7.2000e+02
   5.0000e+00  -8.6118e+00   1.4608e-01   8.2252e+00   8.6118e+00  -1.4608e-01   4.1124e+00
   6.0000e+00  -7.7266e+00   2.5705e+00   8.4469e-01   7.7266e+00  -2.5705e+00  -8.1905e+00
   7.0000e+00  -6.6775e+00   2.5695e+00   3.5313e+00   6.6775e+00  -2.5695e+00   4.8152e+00
   8.0000e+00  -1.6047e+00  -5.2472e-01   5.4579e+00   1.6047e+00   5.2472e-01  -3.5461e+00
   9.0000e+00  -2.6539e+00  -5.2365e-01   8.2053e+00   2.6539e+00   5.2365e-01   9.4892e+00

---------------------------------------
---------------------------------------
Local Member Forces: 
(Element No. - iFx - iFy - iMz - jFx - jFy - jMz)
---------------------------------------

LocalForces =

   1.0000e+00   2.1919e+00   1.7943e+01  -2.3283e-10  -2.1919e+00  -1.7943e+01   2.1532e+02
   2.0000e+00   2.7166e+00   1.6338e+01  -2.2078e+02  -2.7166e+00  -1.6338e+01   4.6585e+02
   3.0000e+00   2.7166e+00   1.6338e+01  -4.6585e+02  -2.7166e+00  -1.6338e+01   7.1093e+02
   4.0000e+00  -5.3291e-15  -2.9104e-10  -7.2000e+02   5.3291e-15   2.9104e-10   7.2000e+02
   5.0000e+00  -8.6118e+00   1.4608e-01   8.2252e+00   8.6118e+00  -1.4608e-01   4.1124e+00
   6.0000e+00  -8.1413e+00  -1.6391e-01   8.4469e-01   8.1413e+00   1.6391e-01  -8.1905e+00
   7.0000e+00  -7.1523e+00   1.8625e-01   3.5313e+00   7.1523e+00  -1.8625e-01   4.8152e+00
   8.0000e+00  -1.6878e+00   4.2660e-02   5.4579e+00   1.6878e+00  -4.2660e-02  -3.5461e+00
   9.0000e+00  -2.6761e+00   3.9483e-01   8.2053e+00   2.6761e+00  -3.9483e-01   9.4892e+00

---------------------------------------
---------------------------------------
Nodal Support Reactions: 
(Node No. - Fx - Fy - Mz)
---------------------------------------
Support =

    1.00000  -17.94318    2.19189    0.00000
    2.00000    0.00000    0.00000    0.00000
    3.00000    0.00000    0.00000    0.00000
    4.00000    0.00000    0.00000    0.00000
    5.00000    0.00000    0.00000    0.00000
    6.00000    0.00000    0.00000    0.00000
    7.00000    6.67746   -2.56946    4.81524
    8.00000   11.26572    0.37758   13.60157

sumFx =  0.00000000022761
sumFy =   -4.4409e-16
sumMz =  18.417
---------------------------------------
