***************************************
GEOMETRY
***************************************
---------------------------------------
Nodal Coordinates: 
(Node No. - X - Y - Z)
---------------------------------------

NODES =

    1.00000    0.00000    0.00000
    2.00000    0.00000   27.00000
    3.00000    0.00000   39.00000
    4.00000    0.00000   66.00000
    5.00000    0.00000   78.00000
    6.00000   86.50000   27.00000
    7.00000   86.50000   66.00000

---------------------------------------

---------------------------------------
Boundary Conditions: 1 = Restrained, 0 = Free
(Node No. - Tx - Ty - Rz)
---------------------------------------

BOUNDS =

   1   0   1   0
   6   1   1   1
   7   1   1   1

---------------------------------------

---------------------------------------
Element Information:
(Ele No. - iNode - jNode - Member Type - E - A - I)
---------------------------------------

ELES =

        1.00000        1.00000        2.00000        0.00000    29000.00000     9999.00000   999999.00000
        2.00000        2.00000        3.00000        0.00000    29000.00000     9999.00000   999999.00000
        3.00000        3.00000        4.00000        0.00000    29000.00000     9999.00000   999999.00000
        4.00000        4.00000        5.00000        0.00000    29000.00000     9999.00000   999999.00000
        5.00000        4.00000        7.00000        0.00000    29000.00000        2.00000        2.85000
        6.00000        4.00000        6.00000        0.00000    29000.00000        2.00000        2.85000
        7.00000        2.00000        7.00000        0.00000    29000.00000        2.00000        2.85000

---------------------------------------

---------------------------------------
Load Information:
(Node No. - Fx - Fy - Mz)
---------------------------------------

LOADS =

   3.00000   8.31000   0.00000   0.00000

---------------------------------------

plotFile = ../../1. OUTPUT/Design1Horizontal.png
ans =

   -8.6500   95.1500  -12.9000   90.9000

***************************************
ANALYSIS
***************************************

kff =

 Columns 1 through 5:

      17680213.99177    -238682888.88889     -17680213.99177             0.00000    -238682888.88889
    -238682888.88889    4296292000.00000     238682888.88889             0.00000    2148146000.00000
     -17680213.99177     238682888.88889     219069409.68502           228.60414    -969649258.75024
             0.00000             0.00000           228.60414      34904020.89772            50.21243
    -238682888.88889    2148146000.00000    -969649258.75024            50.21243   13962952484.20095
             0.00000             0.00000    -201388687.50000             0.00000    1208332125.00000
             0.00000             0.00000             0.00000     -24164250.00000             0.00000
             0.00000             0.00000   -1208332125.00000             0.00000    4833328500.00000
             0.00000             0.00000             0.00000             0.00000             0.00000
             0.00000             0.00000             0.00000             0.00000             0.00000
             0.00000             0.00000             0.00000             0.00000             0.00000
             0.00000             0.00000             0.00000             0.00000             0.00000
             0.00000             0.00000             0.00000             0.00000             0.00000
             0.00000             0.00000             0.00000             0.00000             0.00000

 Columns 6 through 10:

             0.00000             0.00000             0.00000             0.00000             0.00000
             0.00000             0.00000             0.00000             0.00000             0.00000
    -201388687.50000             0.00000   -1208332125.00000             0.00000             0.00000
             0.00000     -24164250.00000             0.00000             0.00000             0.00000
    1208332125.00000             0.00000    4833328500.00000             0.00000             0.00000
     219068901.49177             0.00000     969649236.11111     -17680213.99177             0.00000
             0.00000      34903916.66667             0.00000             0.00000     -10739666.66667
     969649236.11111             0.00000   13962949000.00000     238682888.88889             0.00000
     -17680213.99177             0.00000     238682888.88889     219070080.20525          -228.60414
             0.00000     -10739666.66667             0.00000          -228.60414      34904022.43014
    -238682888.88889             0.00000    2148146000.00000    -969649213.47198           116.48929
             0.00000             0.00000             0.00000    -201388687.50000             0.00000
             0.00000             0.00000             0.00000             0.00000     -24164250.00000
             0.00000             0.00000             0.00000   -1208332125.00000             0.00000

 Columns 11 through 14:

             0.00000             0.00000             0.00000             0.00000
             0.00000             0.00000             0.00000             0.00000
             0.00000             0.00000             0.00000             0.00000
             0.00000             0.00000             0.00000             0.00000
             0.00000             0.00000             0.00000             0.00000
    -238682888.88889             0.00000             0.00000             0.00000
             0.00000             0.00000             0.00000             0.00000
    2148146000.00000             0.00000             0.00000             0.00000
    -969649213.47198    -201388687.50000             0.00000   -1208332125.00000
           116.48929             0.00000     -24164250.00000             0.00000
   13962956306.16627    1208332125.00000             0.00000    4833328500.00000
    1208332125.00000     201388687.50000             0.00000    1208332125.00000
             0.00000             0.00000      24164250.00000             0.00000
    4833328500.00000    1208332125.00000             0.00000    9666657000.00000

Number of dof: 14 
Number of loads: 1 
LOADS =

   3.00000   8.31000   0.00000   0.00000

deg =  6
deg =  7
deg =  8
P =

   0.00000
   0.00000
   0.00000
   0.00000
   0.00000
   8.31000
   0.00000
   0.00000
   0.00000
   0.00000
   0.00000
   0.00000
   0.00000
   0.00000

uf =

   0.01744647813
   0.00023077166
   0.01121564324
  -0.00000019518
   0.00023077166
   0.00844632538
  -0.00000017534
   0.00023078603
   0.00221453270
  -0.00000013070
   0.00023081729
  -0.00055527474
  -0.00000013070
   0.00023081729

***************************************
Post Process
***************************************

---------------------------------------
Nodal Displacements: 
(Node No. - Tx - Ty - Rz)
---------------------------------------

NodalDisp =

   1.00000   0.01745   0.00000   0.00023
   2.00000   0.01122  -0.00000   0.00023
   3.00000   0.00845  -0.00000   0.00023
   4.00000   0.00221  -0.00000   0.00023
   5.00000  -0.00056  -0.00000   0.00023
   6.00000   0.00000   0.00000   0.00000
   7.00000   0.00000   0.00000   0.00000

---------------------------------------
---------------------------------------
Global Member Forces: 
(Element No. - iFx - iFy - iMz - jFx - jFy - jMz)
---------------------------------------

GlobalForces =

    1.00000    0.00000    2.09613   -0.00000   -0.00000   -2.09613   -0.00000
    2.00000   -5.69445   -0.47938   -0.55013    5.69445    0.47938   68.88347
    3.00000    2.61555   -0.47938  -68.88347   -2.61555    0.47938   -1.73651
    4.00000   -0.00000    0.00000    0.00000    0.00000    0.00000    0.00000
    5.00000    1.48489    0.01530    0.88217   -1.48489   -0.01530    0.44108
    6.00000    1.13067   -0.49468    0.85434   -1.13067    0.49468    0.45224
    7.00000    5.69445    2.57551    0.55013   -5.69445   -2.57551    0.14811

---------------------------------------
---------------------------------------
Local Member Forces: 
(Element No. - iFx - iFy - iMz - jFx - jFy - jMz)
---------------------------------------

LocalForces =

    1.00000    2.09613   -0.00000   -0.00000   -2.09613    0.00000   -0.00000
    2.00000   -0.47938    5.69445   -0.55013    0.47938   -5.69445   68.88347
    3.00000   -0.47938   -2.61555  -68.88347    0.47938    2.61555   -1.73651
    4.00000    0.00000    0.00000    0.00000    0.00000   -0.00000    0.00000
    5.00000    1.48489    0.01530    0.88217   -1.48489   -0.01530    0.44108
    6.00000    1.23407    0.01377    0.85434   -1.23407   -0.01377    0.45224
    7.00000    6.24979    0.00736    0.55013   -6.24979   -0.00736    0.14811

---------------------------------------
---------------------------------------
Nodal Support Reactions: 
(Node No. - Fx - Fy - Mz)
---------------------------------------
Support =

   1.00000   0.00000   2.09613   0.00000
   2.00000   0.00000   0.00000   0.00000
   3.00000   0.00000   0.00000   0.00000
   4.00000   0.00000   0.00000   0.00000
   5.00000   0.00000   0.00000   0.00000
   6.00000  -1.13067   0.49468   0.45224
   7.00000  -7.17933  -2.59081   0.58918

sumFx = -8.3100
sumFy = 0
sumMz =  1.0414
---------------------------------------
